Using pre-set license
Built from '2020.3/staging' branch; Version is '2020.3.20f1 (41c4e627c95f) revision 4310246'; Using compiler version '192528614'; Build Type 'Release'
<<<<<<< Updated upstream
OS: 'Windows 10 Education; OS build 18363.1854; Version 1909; 64bit' Language: 'es' Physical Memory: 16316 MB
=======
OS: 'Windows 10 Home; OS build 19042.1288; Version 2009; 64bit' Language: 'es' Physical Memory: 16191 MB
>>>>>>> Stashed changes
BatchMode: 1, IsHumanControllingUs: 0, StartBugReporterOnCrash: 0, Is64bit: 1, IsPro: 0

COMMAND LINE ARGUMENTS:
C:\Program Files\Unity\Hub\Editor\2020.3.20f1\Editor\Unity.exe
-adb2
-batchMode
-noUpm
-name
AssetImportWorker0
-projectPath
<<<<<<< Updated upstream
D:/Github/Special Kode/College-and-Deans/College and Deans
-logFile
Logs/AssetImportWorker0.log
-srvPort
<<<<<<< Updated upstream
<<<<<<< Updated upstream
<<<<<<< Updated upstream
64126
Successfully changed project path to: D:/Github/Special Kode/College-and-Deans/College and Deans
D:/Github/Special Kode/College-and-Deans/College and Deans
Using Asset Import Pipeline V2.
Refreshing native plugins compatible for Editor in 50.15 ms, found 3 plugins.
=======
=======
>>>>>>> Stashed changes
64178
Successfully changed project path to: C:/Users/Adrián/Documents/GitHub/College-and-Deans/College and Deans
C:/Users/Adrián/Documents/GitHub/College-and-Deans/College and Deans
Using Asset Import Pipeline V2.
Refreshing native plugins compatible for Editor in 100.00 ms, found 3 plugins.
<<<<<<< Updated upstream
>>>>>>> Stashed changes
=======
>>>>>>> Stashed changes
=======
64549
Successfully changed project path to: D:/Github/Special Kode/College-and-Deans/College and Deans
D:/Github/Special Kode/College-and-Deans/College and Deans
Using Asset Import Pipeline V2.
Refreshing native plugins compatible for Editor in 47.59 ms, found 3 plugins.
>>>>>>> Stashed changes
Preloading 0 native plugins for Editor in 0.00 ms.
Initialize engine version: 2020.3.20f1 (41c4e627c95f)
[Subsystems] Discovering subsystems at path C:/Program Files/Unity/Hub/Editor/2020.3.20f1/Editor/Data/Resources/UnitySubsystems
[Subsystems] Discovering subsystems at path D:/Github/Special Kode/College-and-Deans/College and Deans/Assets
GfxDevice: creating device client; threaded=0
Direct3D:
    Version:  Direct3D 11.0 [level 11.1]
    Renderer: NVIDIA GeForce GTX 1060 6GB (ID=0x1c03)
    Vendor:   
    VRAM:     6052 MB
    Driver:   30.0.14.7111
=======
D:/Fake Escritorio/GitHub/College-and-Deans/College and Deans
-logFile
Logs/AssetImportWorker0.log
-srvPort
51729
Successfully changed project path to: D:/Fake Escritorio/GitHub/College-and-Deans/College and Deans
D:/Fake Escritorio/GitHub/College-and-Deans/College and Deans
Using Asset Import Pipeline V2.
Refreshing native plugins compatible for Editor in 44.66 ms, found 3 plugins.
Preloading 0 native plugins for Editor in 0.00 ms.
Initialize engine version: 2020.3.20f1 (41c4e627c95f)
[Subsystems] Discovering subsystems at path C:/Program Files/Unity/Hub/Editor/2020.3.20f1/Editor/Data/Resources/UnitySubsystems
[Subsystems] Discovering subsystems at path D:/Fake Escritorio/GitHub/College-and-Deans/College and Deans/Assets
GfxDevice: creating device client; threaded=0
Direct3D:
    Version:  Direct3D 11.0 [level 11.1]
    Renderer: NVIDIA GeForce GTX 1050 Ti (ID=0x1c8c)
    Vendor:   
    VRAM:     4018 MB
    Driver:   27.21.14.6280
>>>>>>> Stashed changes
Initialize mono
Mono path[0] = 'C:/Program Files/Unity/Hub/Editor/2020.3.20f1/Editor/Data/Managed'
Mono path[1] = 'C:/Program Files/Unity/Hub/Editor/2020.3.20f1/Editor/Data/MonoBleedingEdge/lib/mono/unityjit'
Mono config path = 'C:/Program Files/Unity/Hub/Editor/2020.3.20f1/Editor/Data/MonoBleedingEdge/etc'
<<<<<<< Updated upstream
<<<<<<< Updated upstream
<<<<<<< Updated upstream
Using monoOptions --debugger-agent=transport=dt_socket,embedding=1,server=y,suspend=n,address=127.0.0.1:56844
=======
Using monoOptions --debugger-agent=transport=dt_socket,embedding=1,server=y,suspend=n,address=127.0.0.1:56848
>>>>>>> Stashed changes
=======
Using monoOptions --debugger-agent=transport=dt_socket,embedding=1,server=y,suspend=n,address=127.0.0.1:56196
>>>>>>> Stashed changes
=======
Using monoOptions --debugger-agent=transport=dt_socket,embedding=1,server=y,suspend=n,address=127.0.0.1:56700
>>>>>>> Stashed changes
Begin MonoManager ReloadAssembly
Registering precompiled unity dll's ...
Register platform support module: C:/Program Files/Unity/Hub/Editor/2020.3.20f1/Editor/Data/PlaybackEngines/WebGLSupport/UnityEditor.WebGL.Extensions.dll
Register platform support module: C:/Program Files/Unity/Hub/Editor/2020.3.20f1/Editor/Data/PlaybackEngines/WindowsStandaloneSupport/UnityEditor.WindowsStandalone.Extensions.dll
<<<<<<< Updated upstream
<<<<<<< Updated upstream
<<<<<<< Updated upstream
Registered in 0.003270 seconds.
=======
Registered in 0.003142 seconds.
>>>>>>> Stashed changes
Native extension for WindowsStandalone target not found
Native extension for WebGL target not found
Refreshing native plugins compatible for Editor in 46.26 ms, found 3 plugins.
Preloading 0 native plugins for Editor in 0.00 ms.
Mono: successfully reloaded assembly
- Completed reload, in  1.401 seconds
Domain Reload Profiling:
	ReloadAssembly (1402ms)
		BeginReloadAssembly (62ms)
=======
<<<<<<< Updated upstream
=======
>>>>>>> Stashed changes
Registered in 0.005892 seconds.
=======
Registered in 0.004061 seconds.
>>>>>>> Stashed changes
Native extension for WindowsStandalone target not found
Native extension for WebGL target not found
Refreshing native plugins compatible for Editor in 43.03 ms, found 3 plugins.
Preloading 0 native plugins for Editor in 0.00 ms.
Mono: successfully reloaded assembly
- Completed reload, in  2.757 seconds
Domain Reload Profiling:
<<<<<<< Updated upstream
	ReloadAssembly (3163ms)
		BeginReloadAssembly (125ms)
<<<<<<< Updated upstream
>>>>>>> Stashed changes
=======
=======
	ReloadAssembly (2757ms)
		BeginReloadAssembly (64ms)
>>>>>>> Stashed changes
>>>>>>> Stashed changes
			ExecutionOrderSort (0ms)
			DisableScriptedObjects (0ms)
			BackupInstance (0ms)
			ReleaseScriptingObjects (0ms)
<<<<<<< Updated upstream
<<<<<<< Updated upstream
<<<<<<< Updated upstream
=======
>>>>>>> Stashed changes
			CreateAndSetChildDomain (1ms)
<<<<<<< Updated upstream
		EndReloadAssembly (468ms)
			LoadAssemblies (59ms)
			RebuildTransferFunctionScriptingTraits (0ms)
			SetupTypeCache (166ms)
			ReleaseScriptCaches (0ms)
			RebuildScriptCaches (32ms)
			SetupLoadedEditorAssemblies (191ms)
				LogAssemblyErrors (0ms)
				InitializePlatformSupportModulesInManaged (5ms)
				SetLoadedEditorAssemblies (0ms)
				RefreshPlugins (46ms)
				BeforeProcessingInitializeOnLoad (18ms)
				ProcessInitializeOnLoadAttributes (89ms)
				ProcessInitializeOnLoadMethodAttributes (32ms)
=======
		EndReloadAssembly (465ms)
			LoadAssemblies (62ms)
			RebuildTransferFunctionScriptingTraits (0ms)
			SetupTypeCache (164ms)
			ReleaseScriptCaches (0ms)
			RebuildScriptCaches (40ms)
			SetupLoadedEditorAssemblies (183ms)
				LogAssemblyErrors (0ms)
<<<<<<< Updated upstream
=======
			CreateAndSetChildDomain (2ms)
		EndReloadAssembly (1083ms)
			LoadAssemblies (120ms)
			RebuildTransferFunctionScriptingTraits (0ms)
			SetupTypeCache (360ms)
			ReleaseScriptCaches (0ms)
			RebuildScriptCaches (106ms)
			SetupLoadedEditorAssemblies (441ms)
				LogAssemblyErrors (0ms)
>>>>>>> Stashed changes
				InitializePlatformSupportModulesInManaged (12ms)
				SetLoadedEditorAssemblies (1ms)
				RefreshPlugins (110ms)
				BeforeProcessingInitializeOnLoad (36ms)
				ProcessInitializeOnLoadAttributes (212ms)
				ProcessInitializeOnLoadMethodAttributes (70ms)
<<<<<<< Updated upstream
>>>>>>> Stashed changes
=======
=======
				InitializePlatformSupportModulesInManaged (6ms)
				SetLoadedEditorAssemblies (0ms)
				RefreshPlugins (43ms)
				BeforeProcessingInitializeOnLoad (18ms)
				ProcessInitializeOnLoadAttributes (85ms)
				ProcessInitializeOnLoadMethodAttributes (30ms)
>>>>>>> Stashed changes
>>>>>>> Stashed changes
				AfterProcessingInitializeOnLoad (0ms)
				EditorAssembliesLoaded (0ms)
			ExecutionOrderSort2 (0ms)
			AwakeInstancesAfterBackupRestoration (0ms)
Platform modules already initialized, skipping
Registering precompiled user dll's ...
<<<<<<< Updated upstream
<<<<<<< Updated upstream
<<<<<<< Updated upstream
Registered in 0.003669 seconds.
=======
Registered in 0.003684 seconds.
>>>>>>> Stashed changes
Begin MonoManager ReloadAssembly
Native extension for WindowsStandalone target not found
Native extension for WebGL target not found
Refreshing native plugins compatible for Editor in 47.17 ms, found 3 plugins.
Preloading 0 native plugins for Editor in 0.00 ms.
Mono: successfully reloaded assembly
- Completed reload, in  1.270 seconds
Domain Reload Profiling:
	ReloadAssembly (1271ms)
		BeginReloadAssembly (171ms)
			ExecutionOrderSort (0ms)
			DisableScriptedObjects (6ms)
			BackupInstance (0ms)
			ReleaseScriptingObjects (0ms)
			CreateAndSetChildDomain (21ms)
		EndReloadAssembly (1018ms)
			LoadAssemblies (111ms)
			RebuildTransferFunctionScriptingTraits (0ms)
			SetupTypeCache (323ms)
			ReleaseScriptCaches (1ms)
			RebuildScriptCaches (52ms)
			SetupLoadedEditorAssemblies (394ms)
				LogAssemblyErrors (0ms)
				InitializePlatformSupportModulesInManaged (5ms)
				SetLoadedEditorAssemblies (0ms)
				RefreshPlugins (47ms)
				BeforeProcessingInitializeOnLoad (89ms)
				ProcessInitializeOnLoadAttributes (228ms)
				ProcessInitializeOnLoadMethodAttributes (14ms)
				AfterProcessingInitializeOnLoad (9ms)
				EditorAssembliesLoaded (0ms)
			ExecutionOrderSort2 (0ms)
			AwakeInstancesAfterBackupRestoration (8ms)
Platform modules already initialized, skipping
========================================================================
Worker process is ready to serve import requests
Launched and connected shader compiler UnityShaderCompiler.exe after 0.07 seconds
Refreshing native plugins compatible for Editor in 0.67 ms, found 3 plugins.
=======
Registered in 0.003645 seconds.
Begin MonoManager ReloadAssembly
Native extension for WindowsStandalone target not found
Native extension for WebGL target not found
Refreshing native plugins compatible for Editor in 42.03 ms, found 3 plugins.
Preloading 0 native plugins for Editor in 0.00 ms.
Mono: successfully reloaded assembly
- Completed reload, in  1.177 seconds
Domain Reload Profiling:
	ReloadAssembly (1178ms)
		BeginReloadAssembly (153ms)
			ExecutionOrderSort (0ms)
			DisableScriptedObjects (5ms)
			BackupInstance (0ms)
			ReleaseScriptingObjects (0ms)
			CreateAndSetChildDomain (20ms)
		EndReloadAssembly (961ms)
			LoadAssemblies (105ms)
			RebuildTransferFunctionScriptingTraits (0ms)
			SetupTypeCache (296ms)
			ReleaseScriptCaches (1ms)
			RebuildScriptCaches (57ms)
			SetupLoadedEditorAssemblies (379ms)
				LogAssemblyErrors (0ms)
				InitializePlatformSupportModulesInManaged (5ms)
				SetLoadedEditorAssemblies (0ms)
				RefreshPlugins (42ms)
				BeforeProcessingInitializeOnLoad (92ms)
				ProcessInitializeOnLoadAttributes (216ms)
				ProcessInitializeOnLoadMethodAttributes (15ms)
				AfterProcessingInitializeOnLoad (9ms)
				EditorAssembliesLoaded (0ms)
			ExecutionOrderSort2 (0ms)
<<<<<<< Updated upstream
=======
Registered in 0.009303 seconds.
Begin MonoManager ReloadAssembly
Native extension for WindowsStandalone target not found
Refreshing native plugins compatible for Editor in 104.29 ms, found 3 plugins.
Preloading 0 native plugins for Editor in 0.00 ms.
Mono: successfully reloaded assembly
- Completed reload, in  3.031 seconds
Domain Reload Profiling:
	ReloadAssembly (3033ms)
		BeginReloadAssembly (359ms)
			ExecutionOrderSort (0ms)
			DisableScriptedObjects (13ms)
			BackupInstance (0ms)
			ReleaseScriptingObjects (0ms)
			CreateAndSetChildDomain (41ms)
		EndReloadAssembly (2542ms)
			LoadAssemblies (226ms)
			RebuildTransferFunctionScriptingTraits (0ms)
			SetupTypeCache (696ms)
			ReleaseScriptCaches (1ms)
			RebuildScriptCaches (149ms)
			SetupLoadedEditorAssemblies (1159ms)
				LogAssemblyErrors (0ms)
				InitializePlatformSupportModulesInManaged (11ms)
				SetLoadedEditorAssemblies (0ms)
				RefreshPlugins (104ms)
				BeforeProcessingInitializeOnLoad (235ms)
				ProcessInitializeOnLoadAttributes (725ms)
				ProcessInitializeOnLoadMethodAttributes (62ms)
				AfterProcessingInitializeOnLoad (21ms)
				EditorAssembliesLoaded (0ms)
			ExecutionOrderSort2 (0ms)
>>>>>>> Stashed changes
			AwakeInstancesAfterBackupRestoration (21ms)
Platform modules already initialized, skipping
========================================================================
Worker process is ready to serve import requests
Launched and connected shader compiler UnityShaderCompiler.exe after 0.14 seconds
Refreshing native plugins compatible for Editor in 0.52 ms, found 3 plugins.
<<<<<<< Updated upstream
>>>>>>> Stashed changes
=======
=======
			AwakeInstancesAfterBackupRestoration (7ms)
Platform modules already initialized, skipping
========================================================================
Worker process is ready to serve import requests
Launched and connected shader compiler UnityShaderCompiler.exe after 0.08 seconds
Refreshing native plugins compatible for Editor in 0.44 ms, found 3 plugins.
>>>>>>> Stashed changes
>>>>>>> Stashed changes
Preloading 0 native plugins for Editor in 0.00 ms.
Unloading 2106 Unused Serialized files (Serialized files now loaded: 0)
System memory in use before: 93.5 MB.
System memory in use after: 93.6 MB.

Unloading 26 unused Assets to reduce memory usage. Loaded Objects now: 2546.
<<<<<<< Updated upstream
<<<<<<< Updated upstream
<<<<<<< Updated upstream
Total: 3.554900 ms (FindLiveObjects: 0.274400 ms CreateObjectMapping: 0.072500 ms MarkObjects: 3.123600 ms  DeleteObjects: 0.082700 ms)
=======
Total: 3.508800 ms (FindLiveObjects: 0.229000 ms CreateObjectMapping: 0.057000 ms MarkObjects: 3.137700 ms  DeleteObjects: 0.083400 ms)
>>>>>>> Stashed changes
=======
Total: 3.110600 ms (FindLiveObjects: 0.164900 ms CreateObjectMapping: 0.066100 ms MarkObjects: 2.798700 ms  DeleteObjects: 0.079400 ms)
>>>>>>> Stashed changes
=======
Total: 8.649400 ms (FindLiveObjects: 0.446600 ms CreateObjectMapping: 0.201900 ms MarkObjects: 7.819600 ms  DeleteObjects: 0.178500 ms)
>>>>>>> Stashed changes

AssetImportParameters requested are different than current active one (requested -> active):
  custom:framework-win-MediaFoundation: 216162199b28c13a410421893ffa2e32 -> 
  custom:video-decoder-ogg-theora: a1e56fd34408186e4bbccfd4996cb3dc -> 
  custom:container-muxer-webm: aa71ff27fc2769a1b78a27578f13a17b -> 
  custom:container-demuxer-webm: 4f35f7cbe854078d1ac9338744f61a02 -> 
  custom:container-demuxer-ogg: 62fdf1f143b41e24485cea50d1cbac27 -> 
  custom:video-encoder-webm-vp8: eb34c28f22e8b96e1ab97ce403110664 -> 
  custom:video-codec-MediaFoundation-h265: 746d11721c4dcdbdad8f713fa42b33f4 -> 
  custom:video-decoder-webm-vp8: 9c59270c3fd7afecdb556c50c9e8de78 -> 
  custom:audio-decoder-ogg-vorbis: bf7c407c2cedff20999df2af8eb42d56 -> 
  custom:audio-encoder-webm-vorbis: bf7c407c2cedff20999df2af8eb42d56 -> 
========================================================================
Received Import Request.
<<<<<<< Updated upstream
<<<<<<< Updated upstream
<<<<<<< Updated upstream
=======
  path: Assets/Rooms/Room_TRB_00.prefab
  artifactKey: Guid(414d70f8f95c3e544b6d906b5cd00537) Importer(815301076,1909f56bfc062723c751e8b465ee728b)
Start importing Assets/Rooms/Room_TRB_00.prefab using Guid(414d70f8f95c3e544b6d906b5cd00537) Importer(815301076,1909f56bfc062723c751e8b465ee728b)  -> (artifact id: '0cd1a9f2dd97fb1ea69c28fe5b5837d8') in 0.123225 seconds 
  Import took 0.127353 seconds .

=======
  path: Assets/Prefabs/Room.prefab
  artifactKey: Guid(9d4d383669455e54da0d3d70bb675031) Importer(815301076,1909f56bfc062723c751e8b465ee728b)
Start importing Assets/Prefabs/Room.prefab using Guid(9d4d383669455e54da0d3d70bb675031) Importer(815301076,1909f56bfc062723c751e8b465ee728b)  -> (artifact id: 'b60ad7220040fb63afd38fa3f7e50390') in 0.117038 seconds 
  Import took 0.121067 seconds .

========================================================================
Received Import Request.
  Time since last request: 0.000420 seconds.
  path: Assets/Prefabs
  artifactKey: Guid(2cd9867ea25231545a7b7aaf2cae82c7) Importer(815301076,1909f56bfc062723c751e8b465ee728b)
Start importing Assets/Prefabs using Guid(2cd9867ea25231545a7b7aaf2cae82c7) Importer(815301076,1909f56bfc062723c751e8b465ee728b)  -> (artifact id: '1fd386f6f4a93d359277cea7f4b6d02d') in 0.008469 seconds 
  Import took 0.011982 seconds .

========================================================================
Received Import Request.
  Time since last request: 1.862064 seconds.
>>>>>>> Stashed changes
  path: Assets/Rooms
  artifactKey: Guid(ccf2111e4dded2747bb0a9db382034bd) Importer(815301076,1909f56bfc062723c751e8b465ee728b)
Start importing Assets/Rooms using Guid(ccf2111e4dded2747bb0a9db382034bd) Importer(815301076,1909f56bfc062723c751e8b465ee728b)  -> (artifact id: '11e2a639df99a89ce233174996fde788') in 0.011401 seconds 
  Import took 0.014935 seconds .

========================================================================
Received Import Request.
  Time since last request: 2.008175 seconds.
  path: Assets/Rooms/Room_TRBL_00.prefab
  artifactKey: Guid(85c902a59242c3e40be87998a3fd1e8a) Importer(815301076,1909f56bfc062723c751e8b465ee728b)
Start importing Assets/Rooms/Room_TRBL_00.prefab using Guid(85c902a59242c3e40be87998a3fd1e8a) Importer(815301076,1909f56bfc062723c751e8b465ee728b)  -> (artifact id: '6ba8065365496f2b178d9c4d28d55370') in 0.050164 seconds 
  Import took 0.054186 seconds .

========================================================================
Received Import Request.
<<<<<<< Updated upstream
  Time since last request: 347.144685 seconds.
  path: Assets/Rooms/Room_TRB_00.prefab
  artifactKey: Guid(414d70f8f95c3e544b6d906b5cd00537) Importer(815301076,1909f56bfc062723c751e8b465ee728b)
Start importing Assets/Rooms/Room_TRB_00.prefab using Guid(414d70f8f95c3e544b6d906b5cd00537) Importer(815301076,1909f56bfc062723c751e8b465ee728b)  -> (artifact id: '2904ae04d80a15b093ac04ef7caf0c02') in 0.012123 seconds 
  Import took 0.081513 seconds .
=======
=======
>>>>>>> Stashed changes
  path: Assets/Scripts/EnemyGenerator.cs
  artifactKey: Guid(072a4681ba025684ebfb87d2a5199dae) Importer(815301076,1909f56bfc062723c751e8b465ee728b)
Start importing Assets/Scripts/EnemyGenerator.cs using Guid(072a4681ba025684ebfb87d2a5199dae) Importer(815301076,1909f56bfc062723c751e8b465ee728b)  -> (artifact id: '72f14b87e8c2539370dcbf4fa9eac7a3') in 0.089244 seconds 
  Import took 0.097879 seconds .
=======
  Time since last request: 2.201141 seconds.
  path: Assets/Rooms/Room_TR_00.prefab
  artifactKey: Guid(c08c7b11a2069bc4296fd7b7bc535d1a) Importer(815301076,1909f56bfc062723c751e8b465ee728b)
Start importing Assets/Rooms/Room_TR_00.prefab using Guid(c08c7b11a2069bc4296fd7b7bc535d1a) Importer(815301076,1909f56bfc062723c751e8b465ee728b)  -> (artifact id: '87c8d50ba52102d525476f41b141a1c9') in 0.043531 seconds 
  Import took 0.047853 seconds .
>>>>>>> Stashed changes

========================================================================
Received Import Request.
  Time since last request: 0.243364 seconds.
  path: Assets/Rooms/Room_TB_00.prefab
  artifactKey: Guid(fe0002cbe147e634a9113da9d340db61) Importer(815301076,1909f56bfc062723c751e8b465ee728b)
Start importing Assets/Rooms/Room_TB_00.prefab using Guid(fe0002cbe147e634a9113da9d340db61) Importer(815301076,1909f56bfc062723c751e8b465ee728b)  -> (artifact id: 'ed16efbbc882539014aa551c4f65d767') in 0.598550 seconds 
  Import took 0.602561 seconds .

========================================================================
Received Import Request.
  Time since last request: 0.000347 seconds.
  path: Assets/Rooms/Room_RB_00.prefab
  artifactKey: Guid(64d293081ed21e24f93fb02cd2ce142e) Importer(815301076,1909f56bfc062723c751e8b465ee728b)
Start importing Assets/Rooms/Room_RB_00.prefab using Guid(64d293081ed21e24f93fb02cd2ce142e) Importer(815301076,1909f56bfc062723c751e8b465ee728b)  -> (artifact id: '6d100c31a0fe8d99f212d9faec9c2554') in 0.049697 seconds 
  Import took 0.053601 seconds .

========================================================================
Received Import Request.
  Time since last request: 4.226552 seconds.
  path: Assets/Rooms/Room_BL_00.prefab
  artifactKey: Guid(b6be209284c3df147a5ac1f64852478d) Importer(815301076,1909f56bfc062723c751e8b465ee728b)
Start importing Assets/Rooms/Room_BL_00.prefab using Guid(b6be209284c3df147a5ac1f64852478d) Importer(815301076,1909f56bfc062723c751e8b465ee728b)  -> (artifact id: '6b9b23dbaaa13f25fa653bb1c223b0a0') in 0.046103 seconds 
  Import took 0.050930 seconds .

========================================================================
Received Import Request.
  Time since last request: 17.245994 seconds.
  path: Assets/Rooms/Room_RL_00.prefab
  artifactKey: Guid(efcef939797215a428e5b4ea99ac3f84) Importer(815301076,1909f56bfc062723c751e8b465ee728b)
Start importing Assets/Rooms/Room_RL_00.prefab using Guid(efcef939797215a428e5b4ea99ac3f84) Importer(815301076,1909f56bfc062723c751e8b465ee728b)  -> (artifact id: '78f684a77074b664d23f3735338925ee') in 0.055001 seconds 
  Import took 0.063047 seconds .

========================================================================
Received Import Request.
  Time since last request: 0.382607 seconds.
  path: Assets/Rooms/Room_TL_00.prefab
  artifactKey: Guid(3e98042d255835a4481a8964f784d3bb) Importer(815301076,1909f56bfc062723c751e8b465ee728b)
Start importing Assets/Rooms/Room_TL_00.prefab using Guid(3e98042d255835a4481a8964f784d3bb) Importer(815301076,1909f56bfc062723c751e8b465ee728b)  -> (artifact id: '4b8492925b641606750e217857dbf4f9') in 0.045785 seconds 
  Import took 0.049666 seconds .

========================================================================
Received Import Request.
  Time since last request: 10.141051 seconds.
  path: Assets/Rooms/New Prefab.prefab
  artifactKey: Guid(6e6c67f924a349d42b3c9c1e1af4768b) Importer(815301076,1909f56bfc062723c751e8b465ee728b)
Start importing Assets/Rooms/New Prefab.prefab using Guid(6e6c67f924a349d42b3c9c1e1af4768b) Importer(815301076,1909f56bfc062723c751e8b465ee728b)  -> (artifact id: 'daa5fc508cbb8190d29e943e762d5f3e') in 0.012302 seconds 
  Import took 0.017856 seconds .

========================================================================
<<<<<<< Updated upstream
<<<<<<< Updated upstream
Received Prepare
Registering precompiled user dll's ...
Registered in 0.003139 seconds.
=======
Received Prepare
Registering precompiled user dll's ...
Registered in 0.003139 seconds.
Begin MonoManager ReloadAssembly
Native extension for WindowsStandalone target not found
Refreshing native plugins compatible for Editor in 0.78 ms, found 3 plugins.
Preloading 0 native plugins for Editor in 0.00 ms.
Mono: successfully reloaded assembly
- Completed reload, in  1.823 seconds
Domain Reload Profiling:
	ReloadAssembly (1823ms)
		BeginReloadAssembly (184ms)
			ExecutionOrderSort (0ms)
			DisableScriptedObjects (10ms)
			BackupInstance (0ms)
			ReleaseScriptingObjects (0ms)
			CreateAndSetChildDomain (62ms)
		EndReloadAssembly (1542ms)
			LoadAssemblies (156ms)
			RebuildTransferFunctionScriptingTraits (0ms)
			SetupTypeCache (511ms)
			ReleaseScriptCaches (2ms)
			RebuildScriptCaches (81ms)
			SetupLoadedEditorAssemblies (626ms)
				LogAssemblyErrors (0ms)
				InitializePlatformSupportModulesInManaged (9ms)
				SetLoadedEditorAssemblies (1ms)
				RefreshPlugins (1ms)
				BeforeProcessingInitializeOnLoad (229ms)
				ProcessInitializeOnLoadAttributes (365ms)
				ProcessInitializeOnLoadMethodAttributes (11ms)
				AfterProcessingInitializeOnLoad (10ms)
				EditorAssembliesLoaded (0ms)
			ExecutionOrderSort2 (0ms)
			AwakeInstancesAfterBackupRestoration (19ms)
Platform modules already initialized, skipping
Refreshing native plugins compatible for Editor in 0.60 ms, found 3 plugins.
Preloading 0 native plugins for Editor in 0.00 ms.
Unloading 2096 Unused Serialized files (Serialized files now loaded: 0)
System memory in use before: 93.0 MB.
System memory in use after: 93.1 MB.
=======
Received Import Request.
  Time since last request: 246.850147 seconds.
  path: Assets/Rooms/Room_T_00.prefab
  artifactKey: Guid(947756c6265b8a441b89de274336eec8) Importer(815301076,1909f56bfc062723c751e8b465ee728b)
Start importing Assets/Rooms/Room_T_00.prefab using Guid(947756c6265b8a441b89de274336eec8) Importer(815301076,1909f56bfc062723c751e8b465ee728b)  -> (artifact id: 'dd78295deeb2eb9c98a870a5186cdbcd') in 0.010219 seconds 
  Import took 0.014562 seconds .
>>>>>>> Stashed changes

========================================================================
Received Import Request.
  Time since last request: 36.257899 seconds.
  path: Assets/Rooms/Room_T_00.prefab
  artifactKey: Guid(947756c6265b8a441b89de274336eec8) Importer(815301076,1909f56bfc062723c751e8b465ee728b)
Start importing Assets/Rooms/Room_T_00.prefab using Guid(947756c6265b8a441b89de274336eec8) Importer(815301076,1909f56bfc062723c751e8b465ee728b)  -> (artifact id: '97be40cb7080553ec029e80654506565') in 0.005449 seconds 
  Import took 0.008715 seconds .

========================================================================
<<<<<<< Updated upstream
Received Prepare
Registering precompiled user dll's ...
Registered in 0.003812 seconds.
>>>>>>> Stashed changes
Begin MonoManager ReloadAssembly
Native extension for WindowsStandalone target not found
Refreshing native plugins compatible for Editor in 0.78 ms, found 3 plugins.
Preloading 0 native plugins for Editor in 0.00 ms.
Mono: successfully reloaded assembly
<<<<<<< Updated upstream
- Completed reload, in  1.823 seconds
Domain Reload Profiling:
	ReloadAssembly (1823ms)
		BeginReloadAssembly (184ms)
=======
- Completed reload, in  1.800 seconds
Domain Reload Profiling:
	ReloadAssembly (1800ms)
		BeginReloadAssembly (203ms)
>>>>>>> Stashed changes
			ExecutionOrderSort (0ms)
			DisableScriptedObjects (10ms)
			BackupInstance (0ms)
			ReleaseScriptingObjects (0ms)
<<<<<<< Updated upstream
			CreateAndSetChildDomain (62ms)
		EndReloadAssembly (1542ms)
			LoadAssemblies (156ms)
			RebuildTransferFunctionScriptingTraits (0ms)
			SetupTypeCache (511ms)
			ReleaseScriptCaches (2ms)
			RebuildScriptCaches (81ms)
			SetupLoadedEditorAssemblies (626ms)
				LogAssemblyErrors (0ms)
				InitializePlatformSupportModulesInManaged (9ms)
				SetLoadedEditorAssemblies (1ms)
				RefreshPlugins (1ms)
				BeforeProcessingInitializeOnLoad (229ms)
				ProcessInitializeOnLoadAttributes (365ms)
				ProcessInitializeOnLoadMethodAttributes (11ms)
				AfterProcessingInitializeOnLoad (10ms)
				EditorAssembliesLoaded (0ms)
			ExecutionOrderSort2 (0ms)
			AwakeInstancesAfterBackupRestoration (19ms)
Platform modules already initialized, skipping
Refreshing native plugins compatible for Editor in 0.60 ms, found 3 plugins.
=======
			CreateAndSetChildDomain (67ms)
		EndReloadAssembly (1504ms)
			LoadAssemblies (173ms)
			RebuildTransferFunctionScriptingTraits (0ms)
			SetupTypeCache (477ms)
			ReleaseScriptCaches (1ms)
			RebuildScriptCaches (88ms)
			SetupLoadedEditorAssemblies (561ms)
				LogAssemblyErrors (0ms)
				InitializePlatformSupportModulesInManaged (10ms)
				SetLoadedEditorAssemblies (1ms)
				RefreshPlugins (1ms)
				BeforeProcessingInitializeOnLoad (155ms)
				ProcessInitializeOnLoadAttributes (367ms)
				ProcessInitializeOnLoadMethodAttributes (12ms)
				AfterProcessingInitializeOnLoad (14ms)
				EditorAssembliesLoaded (0ms)
			ExecutionOrderSort2 (0ms)
			AwakeInstancesAfterBackupRestoration (22ms)
Platform modules already initialized, skipping
Refreshing native plugins compatible for Editor in 0.84 ms, found 3 plugins.
>>>>>>> Stashed changes
Preloading 0 native plugins for Editor in 0.00 ms.
Unloading 2096 Unused Serialized files (Serialized files now loaded: 0)
System memory in use before: 93.0 MB.
System memory in use after: 93.1 MB.

<<<<<<< Updated upstream
Unloading 14 unused Assets to reduce memory usage. Loaded Objects now: 2555.
Total: 5.916400 ms (FindLiveObjects: 0.703000 ms CreateObjectMapping: 0.159000 ms MarkObjects: 5.027000 ms  DeleteObjects: 0.025100 ms)
=======
Unloading 14 unused Assets to reduce memory usage. Loaded Objects now: 2558.
Total: 6.318000 ms (FindLiveObjects: 0.388900 ms CreateObjectMapping: 0.176500 ms MarkObjects: 5.725700 ms  DeleteObjects: 0.024800 ms)
>>>>>>> Stashed changes
=======
Received Import Request.
  Time since last request: 941.201955 seconds.
  path: Assets/Rooms/Room_T_00.prefab
  artifactKey: Guid(947756c6265b8a441b89de274336eec8) Importer(815301076,1909f56bfc062723c751e8b465ee728b)
Start importing Assets/Rooms/Room_T_00.prefab using Guid(947756c6265b8a441b89de274336eec8) Importer(815301076,1909f56bfc062723c751e8b465ee728b)  -> (artifact id: 'bacfc2280d7c9e075850d6c95ff67dc1') in 0.050985 seconds 
  Import took 0.055293 seconds .

========================================================================
Received Import Request.
  Time since last request: 261.893808 seconds.
  path: Assets/Rooms/Room_T_00 1.prefab
  artifactKey: Guid(1054007f5d5583d45bc03b08c36d4f9a) Importer(815301076,1909f56bfc062723c751e8b465ee728b)
Start importing Assets/Rooms/Room_T_00 1.prefab using Guid(1054007f5d5583d45bc03b08c36d4f9a) Importer(815301076,1909f56bfc062723c751e8b465ee728b)  -> (artifact id: '10e4f8160671f3530fbea37321c15e8d') in 0.042661 seconds 
  Import took 0.047081 seconds .
>>>>>>> Stashed changes

========================================================================
<<<<<<< Updated upstream
Received Prepare
Registering precompiled user dll's ...
<<<<<<< Updated upstream
Registered in 0.003812 seconds.
Begin MonoManager ReloadAssembly
Native extension for WindowsStandalone target not found
Refreshing native plugins compatible for Editor in 0.84 ms, found 3 plugins.
Preloading 0 native plugins for Editor in 0.00 ms.
Mono: successfully reloaded assembly
- Completed reload, in  1.800 seconds
Domain Reload Profiling:
	ReloadAssembly (1800ms)
		BeginReloadAssembly (203ms)
			ExecutionOrderSort (0ms)
			DisableScriptedObjects (10ms)
			BackupInstance (0ms)
			ReleaseScriptingObjects (0ms)
			CreateAndSetChildDomain (67ms)
		EndReloadAssembly (1504ms)
			LoadAssemblies (173ms)
			RebuildTransferFunctionScriptingTraits (0ms)
			SetupTypeCache (477ms)
			ReleaseScriptCaches (1ms)
			RebuildScriptCaches (88ms)
			SetupLoadedEditorAssemblies (561ms)
=======
Registered in 0.004749 seconds.
Begin MonoManager ReloadAssembly
Native extension for WindowsStandalone target not found
Refreshing native plugins compatible for Editor in 0.66 ms, found 3 plugins.
Preloading 0 native plugins for Editor in 0.00 ms.
Mono: successfully reloaded assembly
- Completed reload, in  1.842 seconds
Domain Reload Profiling:
	ReloadAssembly (1843ms)
		BeginReloadAssembly (197ms)
			ExecutionOrderSort (0ms)
			DisableScriptedObjects (12ms)
			BackupInstance (0ms)
			ReleaseScriptingObjects (0ms)
			CreateAndSetChildDomain (59ms)
		EndReloadAssembly (1538ms)
			LoadAssemblies (165ms)
			RebuildTransferFunctionScriptingTraits (0ms)
			SetupTypeCache (506ms)
			ReleaseScriptCaches (1ms)
			RebuildScriptCaches (92ms)
			SetupLoadedEditorAssemblies (586ms)
>>>>>>> Stashed changes
				LogAssemblyErrors (0ms)
				InitializePlatformSupportModulesInManaged (10ms)
				SetLoadedEditorAssemblies (1ms)
				RefreshPlugins (1ms)
<<<<<<< Updated upstream
				BeforeProcessingInitializeOnLoad (155ms)
				ProcessInitializeOnLoadAttributes (367ms)
				ProcessInitializeOnLoadMethodAttributes (12ms)
				AfterProcessingInitializeOnLoad (14ms)
=======
				BeforeProcessingInitializeOnLoad (166ms)
				ProcessInitializeOnLoadAttributes (386ms)
				ProcessInitializeOnLoadMethodAttributes (11ms)
				AfterProcessingInitializeOnLoad (10ms)
>>>>>>> Stashed changes
				EditorAssembliesLoaded (0ms)
			ExecutionOrderSort2 (0ms)
			AwakeInstancesAfterBackupRestoration (22ms)
Platform modules already initialized, skipping
<<<<<<< Updated upstream
Refreshing native plugins compatible for Editor in 0.84 ms, found 3 plugins.
=======
Refreshing native plugins compatible for Editor in 0.66 ms, found 3 plugins.
>>>>>>> Stashed changes
Preloading 0 native plugins for Editor in 0.00 ms.
Unloading 2096 Unused Serialized files (Serialized files now loaded: 0)
System memory in use before: 93.0 MB.
System memory in use after: 93.1 MB.

<<<<<<< Updated upstream
Unloading 14 unused Assets to reduce memory usage. Loaded Objects now: 2558.
Total: 6.318000 ms (FindLiveObjects: 0.388900 ms CreateObjectMapping: 0.176500 ms MarkObjects: 5.725700 ms  DeleteObjects: 0.024800 ms)
=======
Unloading 14 unused Assets to reduce memory usage. Loaded Objects now: 2561.
Total: 5.235500 ms (FindLiveObjects: 0.264500 ms CreateObjectMapping: 0.122000 ms MarkObjects: 4.792500 ms  DeleteObjects: 0.054100 ms)
>>>>>>> Stashed changes
=======
Received Import Request.
  Time since last request: 14.952251 seconds.
  path: Assets/Rooms/Room_L_00.prefab
  artifactKey: Guid(1054007f5d5583d45bc03b08c36d4f9a) Importer(815301076,1909f56bfc062723c751e8b465ee728b)
Start importing Assets/Rooms/Room_L_00.prefab using Guid(1054007f5d5583d45bc03b08c36d4f9a) Importer(815301076,1909f56bfc062723c751e8b465ee728b)  -> (artifact id: 'ce4b85d3be4b450863a919dc04b53566') in 0.036760 seconds 
  Import took 0.040651 seconds .

========================================================================
Received Import Request.
  Time since last request: 154.194401 seconds.
  path: Assets/Rooms/Room_L_00.prefab
  artifactKey: Guid(1054007f5d5583d45bc03b08c36d4f9a) Importer(815301076,1909f56bfc062723c751e8b465ee728b)
Start importing Assets/Rooms/Room_L_00.prefab using Guid(1054007f5d5583d45bc03b08c36d4f9a) Importer(815301076,1909f56bfc062723c751e8b465ee728b)  -> (artifact id: '54c4f34338091c5cd9605815a43057ab') in 0.036109 seconds 
  Import took 0.039870 seconds .
>>>>>>> Stashed changes

========================================================================
<<<<<<< Updated upstream
Received Prepare
Registering precompiled user dll's ...
<<<<<<< Updated upstream
Registered in 0.004749 seconds.
Begin MonoManager ReloadAssembly
Native extension for WindowsStandalone target not found
Refreshing native plugins compatible for Editor in 0.66 ms, found 3 plugins.
Preloading 0 native plugins for Editor in 0.00 ms.
Mono: successfully reloaded assembly
- Completed reload, in  1.842 seconds
Domain Reload Profiling:
	ReloadAssembly (1843ms)
		BeginReloadAssembly (197ms)
=======
Registered in 0.004249 seconds.
Begin MonoManager ReloadAssembly
Native extension for WindowsStandalone target not found
Refreshing native plugins compatible for Editor in 0.49 ms, found 3 plugins.
Preloading 0 native plugins for Editor in 0.00 ms.
Mono: successfully reloaded assembly
- Completed reload, in  1.239 seconds
Domain Reload Profiling:
	ReloadAssembly (1240ms)
		BeginReloadAssembly (163ms)
>>>>>>> Stashed changes
			ExecutionOrderSort (0ms)
			DisableScriptedObjects (12ms)
			BackupInstance (0ms)
			ReleaseScriptingObjects (0ms)
<<<<<<< Updated upstream
			CreateAndSetChildDomain (59ms)
		EndReloadAssembly (1538ms)
			LoadAssemblies (165ms)
			RebuildTransferFunctionScriptingTraits (0ms)
			SetupTypeCache (506ms)
			ReleaseScriptCaches (1ms)
			RebuildScriptCaches (92ms)
			SetupLoadedEditorAssemblies (586ms)
				LogAssemblyErrors (0ms)
				InitializePlatformSupportModulesInManaged (10ms)
				SetLoadedEditorAssemblies (1ms)
				RefreshPlugins (1ms)
				BeforeProcessingInitializeOnLoad (166ms)
				ProcessInitializeOnLoadAttributes (386ms)
				ProcessInitializeOnLoadMethodAttributes (11ms)
				AfterProcessingInitializeOnLoad (10ms)
				EditorAssembliesLoaded (0ms)
			ExecutionOrderSort2 (0ms)
			AwakeInstancesAfterBackupRestoration (22ms)
Platform modules already initialized, skipping
Refreshing native plugins compatible for Editor in 0.66 ms, found 3 plugins.
=======
			CreateAndSetChildDomain (58ms)
		EndReloadAssembly (994ms)
			LoadAssemblies (126ms)
			RebuildTransferFunctionScriptingTraits (0ms)
			SetupTypeCache (308ms)
			ReleaseScriptCaches (1ms)
			RebuildScriptCaches (54ms)
			SetupLoadedEditorAssemblies (353ms)
				LogAssemblyErrors (0ms)
				InitializePlatformSupportModulesInManaged (6ms)
				SetLoadedEditorAssemblies (0ms)
				RefreshPlugins (1ms)
				BeforeProcessingInitializeOnLoad (101ms)
				ProcessInitializeOnLoadAttributes (231ms)
				ProcessInitializeOnLoadMethodAttributes (7ms)
				AfterProcessingInitializeOnLoad (7ms)
				EditorAssembliesLoaded (0ms)
			ExecutionOrderSort2 (0ms)
			AwakeInstancesAfterBackupRestoration (11ms)
Platform modules already initialized, skipping
Refreshing native plugins compatible for Editor in 0.52 ms, found 3 plugins.
>>>>>>> Stashed changes
Preloading 0 native plugins for Editor in 0.00 ms.
Unloading 2096 Unused Serialized files (Serialized files now loaded: 0)
System memory in use before: 93.0 MB.
System memory in use after: 93.2 MB.

<<<<<<< Updated upstream
Unloading 14 unused Assets to reduce memory usage. Loaded Objects now: 2561.
Total: 5.235500 ms (FindLiveObjects: 0.264500 ms CreateObjectMapping: 0.122000 ms MarkObjects: 4.792500 ms  DeleteObjects: 0.054100 ms)
=======
Unloading 14 unused Assets to reduce memory usage. Loaded Objects now: 2564.
Total: 3.450700 ms (FindLiveObjects: 0.202400 ms CreateObjectMapping: 0.073700 ms MarkObjects: 3.157200 ms  DeleteObjects: 0.016600 ms)
>>>>>>> Stashed changes

AssetImportParameters requested are different than current active one (requested -> active):
  custom:framework-win-MediaFoundation: 216162199b28c13a410421893ffa2e32 -> 
  custom:video-decoder-ogg-theora: a1e56fd34408186e4bbccfd4996cb3dc -> 
  custom:container-muxer-webm: aa71ff27fc2769a1b78a27578f13a17b -> 
  custom:container-demuxer-webm: 4f35f7cbe854078d1ac9338744f61a02 -> 
  custom:container-demuxer-ogg: 62fdf1f143b41e24485cea50d1cbac27 -> 
  custom:video-encoder-webm-vp8: eb34c28f22e8b96e1ab97ce403110664 -> 
  custom:video-decoder-webm-vp8: 9c59270c3fd7afecdb556c50c9e8de78 -> 
  custom:audio-decoder-ogg-vorbis: bf7c407c2cedff20999df2af8eb42d56 -> 
  custom:audio-encoder-webm-vorbis: bf7c407c2cedff20999df2af8eb42d56 -> 
========================================================================
Received Prepare
Registering precompiled user dll's ...
<<<<<<< Updated upstream
Registered in 0.004249 seconds.
Begin MonoManager ReloadAssembly
Native extension for WindowsStandalone target not found
Refreshing native plugins compatible for Editor in 0.49 ms, found 3 plugins.
Preloading 0 native plugins for Editor in 0.00 ms.
Mono: successfully reloaded assembly
- Completed reload, in  1.239 seconds
Domain Reload Profiling:
	ReloadAssembly (1240ms)
		BeginReloadAssembly (163ms)
			ExecutionOrderSort (0ms)
			DisableScriptedObjects (12ms)
			BackupInstance (0ms)
			ReleaseScriptingObjects (0ms)
			CreateAndSetChildDomain (58ms)
		EndReloadAssembly (994ms)
			LoadAssemblies (126ms)
			RebuildTransferFunctionScriptingTraits (0ms)
			SetupTypeCache (308ms)
			ReleaseScriptCaches (1ms)
			RebuildScriptCaches (54ms)
			SetupLoadedEditorAssemblies (353ms)
				LogAssemblyErrors (0ms)
				InitializePlatformSupportModulesInManaged (6ms)
				SetLoadedEditorAssemblies (0ms)
				RefreshPlugins (1ms)
				BeforeProcessingInitializeOnLoad (101ms)
				ProcessInitializeOnLoadAttributes (231ms)
				ProcessInitializeOnLoadMethodAttributes (7ms)
=======
Registered in 0.004802 seconds.
Begin MonoManager ReloadAssembly
Native extension for WindowsStandalone target not found
Refreshing native plugins compatible for Editor in 0.54 ms, found 3 plugins.
Preloading 0 native plugins for Editor in 0.00 ms.
Mono: successfully reloaded assembly
- Completed reload, in  1.164 seconds
Domain Reload Profiling:
	ReloadAssembly (1165ms)
		BeginReloadAssembly (163ms)
			ExecutionOrderSort (0ms)
			DisableScriptedObjects (7ms)
			BackupInstance (0ms)
			ReleaseScriptingObjects (0ms)
			CreateAndSetChildDomain (64ms)
		EndReloadAssembly (938ms)
			LoadAssemblies (97ms)
			RebuildTransferFunctionScriptingTraits (0ms)
			SetupTypeCache (288ms)
			ReleaseScriptCaches (1ms)
			RebuildScriptCaches (56ms)
			SetupLoadedEditorAssemblies (364ms)
				LogAssemblyErrors (0ms)
				InitializePlatformSupportModulesInManaged (7ms)
				SetLoadedEditorAssemblies (1ms)
				RefreshPlugins (1ms)
				BeforeProcessingInitializeOnLoad (107ms)
				ProcessInitializeOnLoadAttributes (236ms)
				ProcessInitializeOnLoadMethodAttributes (6ms)
>>>>>>> Stashed changes
				AfterProcessingInitializeOnLoad (7ms)
				EditorAssembliesLoaded (0ms)
			ExecutionOrderSort2 (0ms)
			AwakeInstancesAfterBackupRestoration (11ms)
Platform modules already initialized, skipping
<<<<<<< Updated upstream
Refreshing native plugins compatible for Editor in 0.52 ms, found 3 plugins.
=======
Refreshing native plugins compatible for Editor in 0.47 ms, found 3 plugins.
>>>>>>> Stashed changes
Preloading 0 native plugins for Editor in 0.00 ms.
Unloading 2096 Unused Serialized files (Serialized files now loaded: 0)
System memory in use before: 93.0 MB.
System memory in use after: 93.2 MB.

<<<<<<< Updated upstream
Unloading 14 unused Assets to reduce memory usage. Loaded Objects now: 2564.
Total: 3.450700 ms (FindLiveObjects: 0.202400 ms CreateObjectMapping: 0.073700 ms MarkObjects: 3.157200 ms  DeleteObjects: 0.016600 ms)
=======
Unloading 14 unused Assets to reduce memory usage. Loaded Objects now: 2567.
Total: 3.703200 ms (FindLiveObjects: 0.206000 ms CreateObjectMapping: 0.074600 ms MarkObjects: 3.404900 ms  DeleteObjects: 0.016900 ms)
>>>>>>> Stashed changes

AssetImportParameters requested are different than current active one (requested -> active):
  custom:framework-win-MediaFoundation: 216162199b28c13a410421893ffa2e32 -> 
  custom:video-decoder-ogg-theora: a1e56fd34408186e4bbccfd4996cb3dc -> 
  custom:container-muxer-webm: aa71ff27fc2769a1b78a27578f13a17b -> 
  custom:container-demuxer-webm: 4f35f7cbe854078d1ac9338744f61a02 -> 
  custom:container-demuxer-ogg: 62fdf1f143b41e24485cea50d1cbac27 -> 
  custom:video-encoder-webm-vp8: eb34c28f22e8b96e1ab97ce403110664 -> 
  custom:video-decoder-webm-vp8: 9c59270c3fd7afecdb556c50c9e8de78 -> 
  custom:audio-decoder-ogg-vorbis: bf7c407c2cedff20999df2af8eb42d56 -> 
  custom:audio-encoder-webm-vorbis: bf7c407c2cedff20999df2af8eb42d56 -> 
========================================================================
Received Prepare
Registering precompiled user dll's ...
<<<<<<< Updated upstream
Registered in 0.004802 seconds.
Begin MonoManager ReloadAssembly
Native extension for WindowsStandalone target not found
Refreshing native plugins compatible for Editor in 0.54 ms, found 3 plugins.
Preloading 0 native plugins for Editor in 0.00 ms.
Mono: successfully reloaded assembly
- Completed reload, in  1.164 seconds
Domain Reload Profiling:
	ReloadAssembly (1165ms)
		BeginReloadAssembly (163ms)
			ExecutionOrderSort (0ms)
			DisableScriptedObjects (7ms)
			BackupInstance (0ms)
			ReleaseScriptingObjects (0ms)
			CreateAndSetChildDomain (64ms)
		EndReloadAssembly (938ms)
			LoadAssemblies (97ms)
			RebuildTransferFunctionScriptingTraits (0ms)
			SetupTypeCache (288ms)
			ReleaseScriptCaches (1ms)
			RebuildScriptCaches (56ms)
			SetupLoadedEditorAssemblies (364ms)
				LogAssemblyErrors (0ms)
				InitializePlatformSupportModulesInManaged (7ms)
				SetLoadedEditorAssemblies (1ms)
				RefreshPlugins (1ms)
				BeforeProcessingInitializeOnLoad (107ms)
				ProcessInitializeOnLoadAttributes (236ms)
				ProcessInitializeOnLoadMethodAttributes (6ms)
				AfterProcessingInitializeOnLoad (7ms)
				EditorAssembliesLoaded (0ms)
			ExecutionOrderSort2 (0ms)
			AwakeInstancesAfterBackupRestoration (11ms)
Platform modules already initialized, skipping
Refreshing native plugins compatible for Editor in 0.47 ms, found 3 plugins.
Preloading 0 native plugins for Editor in 0.00 ms.
Unloading 2096 Unused Serialized files (Serialized files now loaded: 0)
System memory in use before: 93.0 MB.
System memory in use after: 93.2 MB.

Unloading 14 unused Assets to reduce memory usage. Loaded Objects now: 2567.
Total: 3.703200 ms (FindLiveObjects: 0.206000 ms CreateObjectMapping: 0.074600 ms MarkObjects: 3.404900 ms  DeleteObjects: 0.016900 ms)
=======
Registered in 0.005836 seconds.
Begin MonoManager ReloadAssembly
Native extension for WindowsStandalone target not found
Refreshing native plugins compatible for Editor in 0.51 ms, found 3 plugins.
Preloading 0 native plugins for Editor in 0.00 ms.
Mono: successfully reloaded assembly
- Completed reload, in  1.249 seconds
Domain Reload Profiling:
	ReloadAssembly (1250ms)
		BeginReloadAssembly (151ms)
			ExecutionOrderSort (0ms)
			DisableScriptedObjects (9ms)
			BackupInstance (0ms)
			ReleaseScriptingObjects (0ms)
			CreateAndSetChildDomain (48ms)
		EndReloadAssembly (1028ms)
			LoadAssemblies (110ms)
			RebuildTransferFunctionScriptingTraits (0ms)
			SetupTypeCache (320ms)
			ReleaseScriptCaches (1ms)
			RebuildScriptCaches (74ms)
			SetupLoadedEditorAssemblies (346ms)
				LogAssemblyErrors (0ms)
				InitializePlatformSupportModulesInManaged (7ms)
				SetLoadedEditorAssemblies (0ms)
				RefreshPlugins (1ms)
				BeforeProcessingInitializeOnLoad (98ms)
				ProcessInitializeOnLoadAttributes (227ms)
				ProcessInitializeOnLoadMethodAttributes (6ms)
				AfterProcessingInitializeOnLoad (7ms)
				EditorAssembliesLoaded (0ms)
			ExecutionOrderSort2 (0ms)
			AwakeInstancesAfterBackupRestoration (11ms)
Platform modules already initialized, skipping
Refreshing native plugins compatible for Editor in 0.47 ms, found 3 plugins.
Preloading 0 native plugins for Editor in 0.00 ms.
Unloading 2096 Unused Serialized files (Serialized files now loaded: 0)
System memory in use before: 93.1 MB.
System memory in use after: 93.2 MB.

Unloading 14 unused Assets to reduce memory usage. Loaded Objects now: 2570.
Total: 3.768400 ms (FindLiveObjects: 0.208700 ms CreateObjectMapping: 0.084600 ms MarkObjects: 3.455600 ms  DeleteObjects: 0.018400 ms)

AssetImportParameters requested are different than current active one (requested -> active):
  custom:framework-win-MediaFoundation: 216162199b28c13a410421893ffa2e32 -> 
  custom:video-decoder-ogg-theora: a1e56fd34408186e4bbccfd4996cb3dc -> 
  custom:container-muxer-webm: aa71ff27fc2769a1b78a27578f13a17b -> 
  custom:container-demuxer-webm: 4f35f7cbe854078d1ac9338744f61a02 -> 
  custom:container-demuxer-ogg: 62fdf1f143b41e24485cea50d1cbac27 -> 
  custom:video-encoder-webm-vp8: eb34c28f22e8b96e1ab97ce403110664 -> 
  custom:video-decoder-webm-vp8: 9c59270c3fd7afecdb556c50c9e8de78 -> 
  custom:audio-decoder-ogg-vorbis: bf7c407c2cedff20999df2af8eb42d56 -> 
  custom:audio-encoder-webm-vorbis: bf7c407c2cedff20999df2af8eb42d56 -> 
========================================================================
Received Prepare
Registering precompiled user dll's ...
Registered in 0.004517 seconds.
Begin MonoManager ReloadAssembly
Native extension for WindowsStandalone target not found
Refreshing native plugins compatible for Editor in 0.50 ms, found 3 plugins.
Preloading 0 native plugins for Editor in 0.00 ms.
Mono: successfully reloaded assembly
- Completed reload, in  1.265 seconds
Domain Reload Profiling:
	ReloadAssembly (1266ms)
		BeginReloadAssembly (117ms)
			ExecutionOrderSort (0ms)
			DisableScriptedObjects (7ms)
			BackupInstance (0ms)
			ReleaseScriptingObjects (0ms)
			CreateAndSetChildDomain (36ms)
		EndReloadAssembly (1081ms)
			LoadAssemblies (96ms)
			RebuildTransferFunctionScriptingTraits (0ms)
			SetupTypeCache (342ms)
			ReleaseScriptCaches (1ms)
			RebuildScriptCaches (75ms)
			SetupLoadedEditorAssemblies (426ms)
				LogAssemblyErrors (0ms)
				InitializePlatformSupportModulesInManaged (7ms)
				SetLoadedEditorAssemblies (1ms)
				RefreshPlugins (1ms)
				BeforeProcessingInitializeOnLoad (135ms)
				ProcessInitializeOnLoadAttributes (265ms)
				ProcessInitializeOnLoadMethodAttributes (8ms)
				AfterProcessingInitializeOnLoad (10ms)
				EditorAssembliesLoaded (0ms)
			ExecutionOrderSort2 (0ms)
			AwakeInstancesAfterBackupRestoration (12ms)
Platform modules already initialized, skipping
Refreshing native plugins compatible for Editor in 0.49 ms, found 3 plugins.
Preloading 0 native plugins for Editor in 0.00 ms.
Unloading 2096 Unused Serialized files (Serialized files now loaded: 0)
System memory in use before: 93.1 MB.
System memory in use after: 93.2 MB.

Unloading 14 unused Assets to reduce memory usage. Loaded Objects now: 2573.
Total: 3.643200 ms (FindLiveObjects: 0.238200 ms CreateObjectMapping: 0.097700 ms MarkObjects: 3.285000 ms  DeleteObjects: 0.021000 ms)
>>>>>>> Stashed changes

AssetImportParameters requested are different than current active one (requested -> active):
  custom:framework-win-MediaFoundation: 216162199b28c13a410421893ffa2e32 -> 
  custom:video-decoder-ogg-theora: a1e56fd34408186e4bbccfd4996cb3dc -> 
  custom:container-muxer-webm: aa71ff27fc2769a1b78a27578f13a17b -> 
  custom:container-demuxer-webm: 4f35f7cbe854078d1ac9338744f61a02 -> 
  custom:container-demuxer-ogg: 62fdf1f143b41e24485cea50d1cbac27 -> 
  custom:video-encoder-webm-vp8: eb34c28f22e8b96e1ab97ce403110664 -> 
  custom:video-decoder-webm-vp8: 9c59270c3fd7afecdb556c50c9e8de78 -> 
  custom:audio-decoder-ogg-vorbis: bf7c407c2cedff20999df2af8eb42d56 -> 
  custom:audio-encoder-webm-vorbis: bf7c407c2cedff20999df2af8eb42d56 -> 
========================================================================
Received Prepare
Registering precompiled user dll's ...
<<<<<<< Updated upstream
Registered in 0.005836 seconds.
Begin MonoManager ReloadAssembly
Native extension for WindowsStandalone target not found
Refreshing native plugins compatible for Editor in 0.51 ms, found 3 plugins.
Preloading 0 native plugins for Editor in 0.00 ms.
Mono: successfully reloaded assembly
- Completed reload, in  1.249 seconds
Domain Reload Profiling:
	ReloadAssembly (1250ms)
		BeginReloadAssembly (151ms)
			ExecutionOrderSort (0ms)
			DisableScriptedObjects (9ms)
			BackupInstance (0ms)
			ReleaseScriptingObjects (0ms)
			CreateAndSetChildDomain (48ms)
		EndReloadAssembly (1028ms)
			LoadAssemblies (110ms)
			RebuildTransferFunctionScriptingTraits (0ms)
			SetupTypeCache (320ms)
			ReleaseScriptCaches (1ms)
			RebuildScriptCaches (74ms)
			SetupLoadedEditorAssemblies (346ms)
				LogAssemblyErrors (0ms)
				InitializePlatformSupportModulesInManaged (7ms)
				SetLoadedEditorAssemblies (0ms)
				RefreshPlugins (1ms)
				BeforeProcessingInitializeOnLoad (98ms)
				ProcessInitializeOnLoadAttributes (227ms)
				ProcessInitializeOnLoadMethodAttributes (6ms)
				AfterProcessingInitializeOnLoad (7ms)
				EditorAssembliesLoaded (0ms)
			ExecutionOrderSort2 (0ms)
			AwakeInstancesAfterBackupRestoration (11ms)
Platform modules already initialized, skipping
Refreshing native plugins compatible for Editor in 0.47 ms, found 3 plugins.
=======
Registered in 0.004892 seconds.
Begin MonoManager ReloadAssembly
Native extension for WindowsStandalone target not found
Refreshing native plugins compatible for Editor in 0.56 ms, found 3 plugins.
Preloading 0 native plugins for Editor in 0.00 ms.
Mono: successfully reloaded assembly
- Completed reload, in  1.219 seconds
Domain Reload Profiling:
	ReloadAssembly (1219ms)
		BeginReloadAssembly (128ms)
			ExecutionOrderSort (0ms)
			DisableScriptedObjects (7ms)
			BackupInstance (0ms)
			ReleaseScriptingObjects (0ms)
			CreateAndSetChildDomain (36ms)
		EndReloadAssembly (1019ms)
			LoadAssemblies (102ms)
			RebuildTransferFunctionScriptingTraits (0ms)
			SetupTypeCache (301ms)
			ReleaseScriptCaches (1ms)
			RebuildScriptCaches (58ms)
			SetupLoadedEditorAssemblies (400ms)
				LogAssemblyErrors (0ms)
				InitializePlatformSupportModulesInManaged (10ms)
				SetLoadedEditorAssemblies (1ms)
				RefreshPlugins (1ms)
				BeforeProcessingInitializeOnLoad (141ms)
				ProcessInitializeOnLoadAttributes (233ms)
				ProcessInitializeOnLoadMethodAttributes (7ms)
				AfterProcessingInitializeOnLoad (7ms)
				EditorAssembliesLoaded (0ms)
			ExecutionOrderSort2 (0ms)
			AwakeInstancesAfterBackupRestoration (12ms)
Platform modules already initialized, skipping
Refreshing native plugins compatible for Editor in 0.53 ms, found 3 plugins.
>>>>>>> Stashed changes
Preloading 0 native plugins for Editor in 0.00 ms.
Unloading 2096 Unused Serialized files (Serialized files now loaded: 0)
System memory in use before: 93.1 MB.
System memory in use after: 93.2 MB.

<<<<<<< Updated upstream
Unloading 14 unused Assets to reduce memory usage. Loaded Objects now: 2570.
Total: 3.768400 ms (FindLiveObjects: 0.208700 ms CreateObjectMapping: 0.084600 ms MarkObjects: 3.455600 ms  DeleteObjects: 0.018400 ms)
=======
Unloading 14 unused Assets to reduce memory usage. Loaded Objects now: 2576.
Total: 3.783400 ms (FindLiveObjects: 0.311000 ms CreateObjectMapping: 0.123900 ms MarkObjects: 3.326800 ms  DeleteObjects: 0.020500 ms)
>>>>>>> Stashed changes

AssetImportParameters requested are different than current active one (requested -> active):
  custom:framework-win-MediaFoundation: 216162199b28c13a410421893ffa2e32 -> 
  custom:video-decoder-ogg-theora: a1e56fd34408186e4bbccfd4996cb3dc -> 
  custom:container-muxer-webm: aa71ff27fc2769a1b78a27578f13a17b -> 
  custom:container-demuxer-webm: 4f35f7cbe854078d1ac9338744f61a02 -> 
  custom:container-demuxer-ogg: 62fdf1f143b41e24485cea50d1cbac27 -> 
  custom:video-encoder-webm-vp8: eb34c28f22e8b96e1ab97ce403110664 -> 
  custom:video-decoder-webm-vp8: 9c59270c3fd7afecdb556c50c9e8de78 -> 
  custom:audio-decoder-ogg-vorbis: bf7c407c2cedff20999df2af8eb42d56 -> 
  custom:audio-encoder-webm-vorbis: bf7c407c2cedff20999df2af8eb42d56 -> 
========================================================================
Received Prepare
Registering precompiled user dll's ...
<<<<<<< Updated upstream
Registered in 0.004517 seconds.
Begin MonoManager ReloadAssembly
Native extension for WindowsStandalone target not found
Refreshing native plugins compatible for Editor in 0.50 ms, found 3 plugins.
Preloading 0 native plugins for Editor in 0.00 ms.
Mono: successfully reloaded assembly
- Completed reload, in  1.265 seconds
Domain Reload Profiling:
	ReloadAssembly (1266ms)
		BeginReloadAssembly (117ms)
=======
Registered in 0.003126 seconds.
Begin MonoManager ReloadAssembly
Native extension for WindowsStandalone target not found
Refreshing native plugins compatible for Editor in 0.52 ms, found 3 plugins.
Preloading 0 native plugins for Editor in 0.00 ms.
Mono: successfully reloaded assembly
- Completed reload, in  1.218 seconds
Domain Reload Profiling:
	ReloadAssembly (1218ms)
		BeginReloadAssembly (125ms)
>>>>>>> Stashed changes
			ExecutionOrderSort (0ms)
			DisableScriptedObjects (7ms)
			BackupInstance (0ms)
			ReleaseScriptingObjects (0ms)
<<<<<<< Updated upstream
			CreateAndSetChildDomain (36ms)
		EndReloadAssembly (1081ms)
			LoadAssemblies (96ms)
			RebuildTransferFunctionScriptingTraits (0ms)
			SetupTypeCache (342ms)
			ReleaseScriptCaches (1ms)
			RebuildScriptCaches (75ms)
			SetupLoadedEditorAssemblies (426ms)
				LogAssemblyErrors (0ms)
				InitializePlatformSupportModulesInManaged (7ms)
				SetLoadedEditorAssemblies (1ms)
				RefreshPlugins (1ms)
				BeforeProcessingInitializeOnLoad (135ms)
				ProcessInitializeOnLoadAttributes (265ms)
				ProcessInitializeOnLoadMethodAttributes (8ms)
				AfterProcessingInitializeOnLoad (10ms)
=======
			CreateAndSetChildDomain (35ms)
		EndReloadAssembly (1028ms)
			LoadAssemblies (95ms)
			RebuildTransferFunctionScriptingTraits (0ms)
			SetupTypeCache (311ms)
			ReleaseScriptCaches (1ms)
			RebuildScriptCaches (52ms)
			SetupLoadedEditorAssemblies (423ms)
				LogAssemblyErrors (0ms)
				InitializePlatformSupportModulesInManaged (9ms)
				SetLoadedEditorAssemblies (0ms)
				RefreshPlugins (1ms)
				BeforeProcessingInitializeOnLoad (138ms)
				ProcessInitializeOnLoadAttributes (261ms)
				ProcessInitializeOnLoadMethodAttributes (6ms)
				AfterProcessingInitializeOnLoad (7ms)
>>>>>>> Stashed changes
				EditorAssembliesLoaded (0ms)
			ExecutionOrderSort2 (0ms)
			AwakeInstancesAfterBackupRestoration (12ms)
Platform modules already initialized, skipping
<<<<<<< Updated upstream
Refreshing native plugins compatible for Editor in 0.49 ms, found 3 plugins.
=======
Refreshing native plugins compatible for Editor in 0.53 ms, found 3 plugins.
>>>>>>> Stashed changes
Preloading 0 native plugins for Editor in 0.00 ms.
Unloading 2096 Unused Serialized files (Serialized files now loaded: 0)
System memory in use before: 93.1 MB.
System memory in use after: 93.2 MB.

<<<<<<< Updated upstream
Unloading 14 unused Assets to reduce memory usage. Loaded Objects now: 2573.
Total: 3.643200 ms (FindLiveObjects: 0.238200 ms CreateObjectMapping: 0.097700 ms MarkObjects: 3.285000 ms  DeleteObjects: 0.021000 ms)
>>>>>>> Stashed changes
=======
Unloading 14 unused Assets to reduce memory usage. Loaded Objects now: 2579.
Total: 3.640600 ms (FindLiveObjects: 0.240000 ms CreateObjectMapping: 0.083900 ms MarkObjects: 3.296500 ms  DeleteObjects: 0.019100 ms)
>>>>>>> Stashed changes

========================================================================
<<<<<<< Updated upstream
Received Import Request.
  Time since last request: 1069.727396 seconds.
  path: Assets/Rooms/Room_TRB_00.prefab
  artifactKey: Guid(414d70f8f95c3e544b6d906b5cd00537) Importer(815301076,1909f56bfc062723c751e8b465ee728b)
Start importing Assets/Rooms/Room_TRB_00.prefab using Guid(414d70f8f95c3e544b6d906b5cd00537) Importer(815301076,1909f56bfc062723c751e8b465ee728b)  -> (artifact id: 'e13d890e8dc0b3a1e84e5e0355a43eff') in 0.027410 seconds 
  Import took 0.031519 seconds .
=======
Received Prepare
Registering precompiled user dll's ...
<<<<<<< Updated upstream
Registered in 0.004892 seconds.
Begin MonoManager ReloadAssembly
Native extension for WindowsStandalone target not found
Refreshing native plugins compatible for Editor in 0.56 ms, found 3 plugins.
Preloading 0 native plugins for Editor in 0.00 ms.
Mono: successfully reloaded assembly
- Completed reload, in  1.219 seconds
Domain Reload Profiling:
	ReloadAssembly (1219ms)
		BeginReloadAssembly (128ms)
=======
Registered in 0.004011 seconds.
Begin MonoManager ReloadAssembly
Native extension for WindowsStandalone target not found
Refreshing native plugins compatible for Editor in 0.92 ms, found 3 plugins.
Preloading 0 native plugins for Editor in 0.00 ms.
Mono: successfully reloaded assembly
- Completed reload, in  1.313 seconds
Domain Reload Profiling:
	ReloadAssembly (1314ms)
		BeginReloadAssembly (144ms)
>>>>>>> Stashed changes
			ExecutionOrderSort (0ms)
			DisableScriptedObjects (7ms)
			BackupInstance (0ms)
			ReleaseScriptingObjects (0ms)
<<<<<<< Updated upstream
			CreateAndSetChildDomain (36ms)
		EndReloadAssembly (1019ms)
			LoadAssemblies (102ms)
			RebuildTransferFunctionScriptingTraits (0ms)
			SetupTypeCache (301ms)
			ReleaseScriptCaches (1ms)
			RebuildScriptCaches (58ms)
			SetupLoadedEditorAssemblies (400ms)
				LogAssemblyErrors (0ms)
				InitializePlatformSupportModulesInManaged (10ms)
				SetLoadedEditorAssemblies (1ms)
				RefreshPlugins (1ms)
				BeforeProcessingInitializeOnLoad (141ms)
				ProcessInitializeOnLoadAttributes (233ms)
				ProcessInitializeOnLoadMethodAttributes (7ms)
				AfterProcessingInitializeOnLoad (7ms)
				EditorAssembliesLoaded (0ms)
			ExecutionOrderSort2 (0ms)
			AwakeInstancesAfterBackupRestoration (12ms)
Platform modules already initialized, skipping
Refreshing native plugins compatible for Editor in 0.53 ms, found 3 plugins.
=======
			CreateAndSetChildDomain (41ms)
		EndReloadAssembly (1099ms)
			LoadAssemblies (124ms)
			RebuildTransferFunctionScriptingTraits (0ms)
			SetupTypeCache (405ms)
			ReleaseScriptCaches (1ms)
			RebuildScriptCaches (54ms)
			SetupLoadedEditorAssemblies (406ms)
				LogAssemblyErrors (0ms)
				InitializePlatformSupportModulesInManaged (13ms)
				SetLoadedEditorAssemblies (1ms)
				RefreshPlugins (1ms)
				BeforeProcessingInitializeOnLoad (142ms)
				ProcessInitializeOnLoadAttributes (236ms)
				ProcessInitializeOnLoadMethodAttributes (6ms)
				AfterProcessingInitializeOnLoad (7ms)
				EditorAssembliesLoaded (0ms)
			ExecutionOrderSort2 (0ms)
			AwakeInstancesAfterBackupRestoration (11ms)
Platform modules already initialized, skipping
Refreshing native plugins compatible for Editor in 0.52 ms, found 3 plugins.
>>>>>>> Stashed changes
Preloading 0 native plugins for Editor in 0.00 ms.
Unloading 2096 Unused Serialized files (Serialized files now loaded: 0)
System memory in use before: 93.1 MB.
System memory in use after: 93.2 MB.

<<<<<<< Updated upstream
Unloading 14 unused Assets to reduce memory usage. Loaded Objects now: 2576.
Total: 3.783400 ms (FindLiveObjects: 0.311000 ms CreateObjectMapping: 0.123900 ms MarkObjects: 3.326800 ms  DeleteObjects: 0.020500 ms)
>>>>>>> Stashed changes
=======
Unloading 14 unused Assets to reduce memory usage. Loaded Objects now: 2582.
Total: 3.521200 ms (FindLiveObjects: 0.211400 ms CreateObjectMapping: 0.074700 ms MarkObjects: 3.217100 ms  DeleteObjects: 0.017200 ms)
>>>>>>> Stashed changes

========================================================================
<<<<<<< Updated upstream
Received Import Request.
  Time since last request: 7.379091 seconds.
  path: Assets/Rooms/Room_TR_00.prefab
  artifactKey: Guid(c08c7b11a2069bc4296fd7b7bc535d1a) Importer(815301076,1909f56bfc062723c751e8b465ee728b)
Start importing Assets/Rooms/Room_TR_00.prefab using Guid(c08c7b11a2069bc4296fd7b7bc535d1a) Importer(815301076,1909f56bfc062723c751e8b465ee728b)  -> (artifact id: '87c8d50ba52102d525476f41b141a1c9') in 0.030558 seconds 
  Import took 0.034550 seconds .
=======
Received Prepare
Registering precompiled user dll's ...
<<<<<<< Updated upstream
Registered in 0.003126 seconds.
Begin MonoManager ReloadAssembly
Native extension for WindowsStandalone target not found
Refreshing native plugins compatible for Editor in 0.52 ms, found 3 plugins.
Preloading 0 native plugins for Editor in 0.00 ms.
Mono: successfully reloaded assembly
- Completed reload, in  1.218 seconds
Domain Reload Profiling:
	ReloadAssembly (1218ms)
		BeginReloadAssembly (125ms)
			ExecutionOrderSort (0ms)
			DisableScriptedObjects (7ms)
			BackupInstance (0ms)
			ReleaseScriptingObjects (0ms)
			CreateAndSetChildDomain (35ms)
		EndReloadAssembly (1028ms)
			LoadAssemblies (95ms)
			RebuildTransferFunctionScriptingTraits (0ms)
			SetupTypeCache (311ms)
			ReleaseScriptCaches (1ms)
			RebuildScriptCaches (52ms)
			SetupLoadedEditorAssemblies (423ms)
				LogAssemblyErrors (0ms)
				InitializePlatformSupportModulesInManaged (9ms)
				SetLoadedEditorAssemblies (0ms)
				RefreshPlugins (1ms)
				BeforeProcessingInitializeOnLoad (138ms)
				ProcessInitializeOnLoadAttributes (261ms)
				ProcessInitializeOnLoadMethodAttributes (6ms)
				AfterProcessingInitializeOnLoad (7ms)
				EditorAssembliesLoaded (0ms)
			ExecutionOrderSort2 (0ms)
			AwakeInstancesAfterBackupRestoration (14ms)
Platform modules already initialized, skipping
Refreshing native plugins compatible for Editor in 0.53 ms, found 3 plugins.
Preloading 0 native plugins for Editor in 0.00 ms.
Unloading 2096 Unused Serialized files (Serialized files now loaded: 0)
System memory in use before: 93.1 MB.
System memory in use after: 93.2 MB.

Unloading 14 unused Assets to reduce memory usage. Loaded Objects now: 2579.
Total: 3.640600 ms (FindLiveObjects: 0.240000 ms CreateObjectMapping: 0.083900 ms MarkObjects: 3.296500 ms  DeleteObjects: 0.019100 ms)
>>>>>>> Stashed changes

========================================================================
<<<<<<< Updated upstream
Received Import Request.
  Time since last request: 0.851963 seconds.
  path: Assets/Rooms/Room_TL_00.prefab
  artifactKey: Guid(3e98042d255835a4481a8964f784d3bb) Importer(815301076,1909f56bfc062723c751e8b465ee728b)
Start importing Assets/Rooms/Room_TL_00.prefab using Guid(3e98042d255835a4481a8964f784d3bb) Importer(815301076,1909f56bfc062723c751e8b465ee728b)  -> (artifact id: '4b8492925b641606750e217857dbf4f9') in 0.029387 seconds 
  Import took 0.033312 seconds .
=======
Received Prepare
Registering precompiled user dll's ...
Registered in 0.004011 seconds.
Begin MonoManager ReloadAssembly
Native extension for WindowsStandalone target not found
Refreshing native plugins compatible for Editor in 0.92 ms, found 3 plugins.
Preloading 0 native plugins for Editor in 0.00 ms.
Mono: successfully reloaded assembly
- Completed reload, in  1.313 seconds
Domain Reload Profiling:
	ReloadAssembly (1314ms)
		BeginReloadAssembly (144ms)
			ExecutionOrderSort (0ms)
			DisableScriptedObjects (7ms)
			BackupInstance (0ms)
			ReleaseScriptingObjects (0ms)
			CreateAndSetChildDomain (41ms)
		EndReloadAssembly (1099ms)
			LoadAssemblies (124ms)
			RebuildTransferFunctionScriptingTraits (0ms)
			SetupTypeCache (405ms)
			ReleaseScriptCaches (1ms)
			RebuildScriptCaches (54ms)
			SetupLoadedEditorAssemblies (406ms)
				LogAssemblyErrors (0ms)
				InitializePlatformSupportModulesInManaged (13ms)
				SetLoadedEditorAssemblies (1ms)
				RefreshPlugins (1ms)
				BeforeProcessingInitializeOnLoad (142ms)
				ProcessInitializeOnLoadAttributes (236ms)
				ProcessInitializeOnLoadMethodAttributes (6ms)
				AfterProcessingInitializeOnLoad (7ms)
				EditorAssembliesLoaded (0ms)
			ExecutionOrderSort2 (0ms)
			AwakeInstancesAfterBackupRestoration (11ms)
Platform modules already initialized, skipping
Refreshing native plugins compatible for Editor in 0.52 ms, found 3 plugins.
=======
Registered in 0.005765 seconds.
Begin MonoManager ReloadAssembly
Native extension for WindowsStandalone target not found
Refreshing native plugins compatible for Editor in 0.48 ms, found 3 plugins.
Preloading 0 native plugins for Editor in 0.00 ms.
Mono: successfully reloaded assembly
- Completed reload, in  1.173 seconds
Domain Reload Profiling:
	ReloadAssembly (1174ms)
		BeginReloadAssembly (133ms)
			ExecutionOrderSort (0ms)
			DisableScriptedObjects (8ms)
			BackupInstance (0ms)
			ReleaseScriptingObjects (0ms)
			CreateAndSetChildDomain (41ms)
		EndReloadAssembly (957ms)
			LoadAssemblies (106ms)
			RebuildTransferFunctionScriptingTraits (0ms)
			SetupTypeCache (305ms)
			ReleaseScriptCaches (1ms)
			RebuildScriptCaches (53ms)
			SetupLoadedEditorAssemblies (384ms)
				LogAssemblyErrors (0ms)
				InitializePlatformSupportModulesInManaged (6ms)
				SetLoadedEditorAssemblies (0ms)
				RefreshPlugins (1ms)
				BeforeProcessingInitializeOnLoad (97ms)
				ProcessInitializeOnLoadAttributes (266ms)
				ProcessInitializeOnLoadMethodAttributes (7ms)
				AfterProcessingInitializeOnLoad (7ms)
				EditorAssembliesLoaded (0ms)
			ExecutionOrderSort2 (0ms)
			AwakeInstancesAfterBackupRestoration (12ms)
Platform modules already initialized, skipping
Refreshing native plugins compatible for Editor in 0.65 ms, found 3 plugins.
>>>>>>> Stashed changes
Preloading 0 native plugins for Editor in 0.00 ms.
Unloading 2096 Unused Serialized files (Serialized files now loaded: 0)
System memory in use before: 93.1 MB.
System memory in use after: 93.2 MB.

<<<<<<< Updated upstream
Unloading 14 unused Assets to reduce memory usage. Loaded Objects now: 2582.
Total: 3.521200 ms (FindLiveObjects: 0.211400 ms CreateObjectMapping: 0.074700 ms MarkObjects: 3.217100 ms  DeleteObjects: 0.017200 ms)
>>>>>>> Stashed changes

========================================================================
<<<<<<< Updated upstream
Received Import Request.
  Time since last request: 0.770063 seconds.
  path: Assets/Rooms/Room_RL_00.prefab
  artifactKey: Guid(efcef939797215a428e5b4ea99ac3f84) Importer(815301076,1909f56bfc062723c751e8b465ee728b)
Start importing Assets/Rooms/Room_RL_00.prefab using Guid(efcef939797215a428e5b4ea99ac3f84) Importer(815301076,1909f56bfc062723c751e8b465ee728b)  -> (artifact id: '78f684a77074b664d23f3735338925ee') in 0.028536 seconds 
  Import took 0.032557 seconds .
=======
Received Prepare
Registering precompiled user dll's ...
Registered in 0.005765 seconds.
Begin MonoManager ReloadAssembly
Native extension for WindowsStandalone target not found
Refreshing native plugins compatible for Editor in 0.48 ms, found 3 plugins.
Preloading 0 native plugins for Editor in 0.00 ms.
Mono: successfully reloaded assembly
- Completed reload, in  1.173 seconds
Domain Reload Profiling:
	ReloadAssembly (1174ms)
		BeginReloadAssembly (133ms)
			ExecutionOrderSort (0ms)
			DisableScriptedObjects (8ms)
			BackupInstance (0ms)
			ReleaseScriptingObjects (0ms)
			CreateAndSetChildDomain (41ms)
		EndReloadAssembly (957ms)
			LoadAssemblies (106ms)
			RebuildTransferFunctionScriptingTraits (0ms)
			SetupTypeCache (305ms)
			ReleaseScriptCaches (1ms)
			RebuildScriptCaches (53ms)
			SetupLoadedEditorAssemblies (384ms)
				LogAssemblyErrors (0ms)
				InitializePlatformSupportModulesInManaged (6ms)
				SetLoadedEditorAssemblies (0ms)
				RefreshPlugins (1ms)
				BeforeProcessingInitializeOnLoad (97ms)
				ProcessInitializeOnLoadAttributes (266ms)
				ProcessInitializeOnLoadMethodAttributes (7ms)
				AfterProcessingInitializeOnLoad (7ms)
				EditorAssembliesLoaded (0ms)
			ExecutionOrderSort2 (0ms)
			AwakeInstancesAfterBackupRestoration (12ms)
Platform modules already initialized, skipping
Refreshing native plugins compatible for Editor in 0.65 ms, found 3 plugins.
Preloading 0 native plugins for Editor in 0.00 ms.
Unloading 2096 Unused Serialized files (Serialized files now loaded: 0)
System memory in use before: 93.1 MB.
System memory in use after: 93.2 MB.

=======
>>>>>>> Stashed changes
Unloading 14 unused Assets to reduce memory usage. Loaded Objects now: 2585.
Total: 3.852400 ms (FindLiveObjects: 0.237900 ms CreateObjectMapping: 0.081800 ms MarkObjects: 3.511700 ms  DeleteObjects: 0.019900 ms)

AssetImportParameters requested are different than current active one (requested -> active):
  custom:framework-win-MediaFoundation: 216162199b28c13a410421893ffa2e32 -> 
  custom:video-decoder-ogg-theora: a1e56fd34408186e4bbccfd4996cb3dc -> 
  custom:container-muxer-webm: aa71ff27fc2769a1b78a27578f13a17b -> 
  custom:container-demuxer-webm: 4f35f7cbe854078d1ac9338744f61a02 -> 
  custom:container-demuxer-ogg: 62fdf1f143b41e24485cea50d1cbac27 -> 
  custom:video-encoder-webm-vp8: eb34c28f22e8b96e1ab97ce403110664 -> 
  custom:video-decoder-webm-vp8: 9c59270c3fd7afecdb556c50c9e8de78 -> 
  custom:audio-decoder-ogg-vorbis: bf7c407c2cedff20999df2af8eb42d56 -> 
  custom:audio-encoder-webm-vorbis: bf7c407c2cedff20999df2af8eb42d56 -> 
========================================================================
Received Prepare
Registering precompiled user dll's ...
Registered in 0.004612 seconds.
Begin MonoManager ReloadAssembly
Native extension for WindowsStandalone target not found
Refreshing native plugins compatible for Editor in 0.45 ms, found 3 plugins.
Preloading 0 native plugins for Editor in 0.00 ms.
Mono: successfully reloaded assembly
- Completed reload, in  1.504 seconds
Domain Reload Profiling:
	ReloadAssembly (1505ms)
		BeginReloadAssembly (141ms)
			ExecutionOrderSort (0ms)
			DisableScriptedObjects (9ms)
			BackupInstance (0ms)
			ReleaseScriptingObjects (0ms)
			CreateAndSetChildDomain (39ms)
		EndReloadAssembly (1281ms)
			LoadAssemblies (126ms)
			RebuildTransferFunctionScriptingTraits (0ms)
			SetupTypeCache (503ms)
			ReleaseScriptCaches (1ms)
			RebuildScriptCaches (98ms)
			SetupLoadedEditorAssemblies (359ms)
				LogAssemblyErrors (0ms)
				InitializePlatformSupportModulesInManaged (6ms)
				SetLoadedEditorAssemblies (0ms)
				RefreshPlugins (1ms)
				BeforeProcessingInitializeOnLoad (105ms)
				ProcessInitializeOnLoadAttributes (235ms)
				ProcessInitializeOnLoadMethodAttributes (6ms)
				AfterProcessingInitializeOnLoad (7ms)
				EditorAssembliesLoaded (0ms)
			ExecutionOrderSort2 (0ms)
			AwakeInstancesAfterBackupRestoration (11ms)
Platform modules already initialized, skipping
Refreshing native plugins compatible for Editor in 0.52 ms, found 3 plugins.
Preloading 0 native plugins for Editor in 0.00 ms.
Unloading 2096 Unused Serialized files (Serialized files now loaded: 0)
System memory in use before: 93.1 MB.
System memory in use after: 93.2 MB.

Unloading 14 unused Assets to reduce memory usage. Loaded Objects now: 2588.
Total: 3.439700 ms (FindLiveObjects: 0.208100 ms CreateObjectMapping: 0.070600 ms MarkObjects: 3.142000 ms  DeleteObjects: 0.018100 ms)

AssetImportParameters requested are different than current active one (requested -> active):
  custom:framework-win-MediaFoundation: 216162199b28c13a410421893ffa2e32 -> 
  custom:video-decoder-ogg-theora: a1e56fd34408186e4bbccfd4996cb3dc -> 
  custom:container-muxer-webm: aa71ff27fc2769a1b78a27578f13a17b -> 
  custom:container-demuxer-webm: 4f35f7cbe854078d1ac9338744f61a02 -> 
  custom:container-demuxer-ogg: 62fdf1f143b41e24485cea50d1cbac27 -> 
  custom:video-encoder-webm-vp8: eb34c28f22e8b96e1ab97ce403110664 -> 
  custom:video-decoder-webm-vp8: 9c59270c3fd7afecdb556c50c9e8de78 -> 
  custom:audio-decoder-ogg-vorbis: bf7c407c2cedff20999df2af8eb42d56 -> 
  custom:audio-encoder-webm-vorbis: bf7c407c2cedff20999df2af8eb42d56 -> 
========================================================================
Received Prepare
Registering precompiled user dll's ...
Registered in 0.003282 seconds.
Begin MonoManager ReloadAssembly
Native extension for WindowsStandalone target not found
Refreshing native plugins compatible for Editor in 0.47 ms, found 3 plugins.
Preloading 0 native plugins for Editor in 0.00 ms.
Mono: successfully reloaded assembly
- Completed reload, in  1.136 seconds
Domain Reload Profiling:
	ReloadAssembly (1136ms)
		BeginReloadAssembly (142ms)
			ExecutionOrderSort (0ms)
			DisableScriptedObjects (16ms)
			BackupInstance (0ms)
			ReleaseScriptingObjects (0ms)
			CreateAndSetChildDomain (39ms)
		EndReloadAssembly (928ms)
			LoadAssemblies (95ms)
			RebuildTransferFunctionScriptingTraits (0ms)
			SetupTypeCache (285ms)
			ReleaseScriptCaches (1ms)
			RebuildScriptCaches (77ms)
			SetupLoadedEditorAssemblies (351ms)
				LogAssemblyErrors (0ms)
				InitializePlatformSupportModulesInManaged (5ms)
				SetLoadedEditorAssemblies (0ms)
				RefreshPlugins (1ms)
				BeforeProcessingInitializeOnLoad (108ms)
				ProcessInitializeOnLoadAttributes (223ms)
				ProcessInitializeOnLoadMethodAttributes (6ms)
				AfterProcessingInitializeOnLoad (7ms)
				EditorAssembliesLoaded (0ms)
			ExecutionOrderSort2 (0ms)
			AwakeInstancesAfterBackupRestoration (11ms)
Platform modules already initialized, skipping
Refreshing native plugins compatible for Editor in 0.45 ms, found 3 plugins.
Preloading 0 native plugins for Editor in 0.00 ms.
Unloading 2096 Unused Serialized files (Serialized files now loaded: 0)
System memory in use before: 93.1 MB.
System memory in use after: 93.2 MB.

Unloading 14 unused Assets to reduce memory usage. Loaded Objects now: 2591.
Total: 3.321900 ms (FindLiveObjects: 0.190000 ms CreateObjectMapping: 0.087000 ms MarkObjects: 3.027300 ms  DeleteObjects: 0.016800 ms)

AssetImportParameters requested are different than current active one (requested -> active):
  custom:framework-win-MediaFoundation: 216162199b28c13a410421893ffa2e32 -> 
  custom:video-decoder-ogg-theora: a1e56fd34408186e4bbccfd4996cb3dc -> 
  custom:container-muxer-webm: aa71ff27fc2769a1b78a27578f13a17b -> 
  custom:container-demuxer-webm: 4f35f7cbe854078d1ac9338744f61a02 -> 
  custom:container-demuxer-ogg: 62fdf1f143b41e24485cea50d1cbac27 -> 
  custom:video-encoder-webm-vp8: eb34c28f22e8b96e1ab97ce403110664 -> 
  custom:video-decoder-webm-vp8: 9c59270c3fd7afecdb556c50c9e8de78 -> 
  custom:audio-decoder-ogg-vorbis: bf7c407c2cedff20999df2af8eb42d56 -> 
  custom:audio-encoder-webm-vorbis: bf7c407c2cedff20999df2af8eb42d56 -> 
========================================================================
Received Prepare
Registering precompiled user dll's ...
Registered in 0.003410 seconds.
Begin MonoManager ReloadAssembly
Native extension for WindowsStandalone target not found
Refreshing native plugins compatible for Editor in 0.48 ms, found 3 plugins.
Preloading 0 native plugins for Editor in 0.00 ms.
Mono: successfully reloaded assembly
- Completed reload, in  1.205 seconds
Domain Reload Profiling:
	ReloadAssembly (1206ms)
		BeginReloadAssembly (145ms)
			ExecutionOrderSort (0ms)
			DisableScriptedObjects (9ms)
			BackupInstance (0ms)
			ReleaseScriptingObjects (0ms)
			CreateAndSetChildDomain (38ms)
		EndReloadAssembly (982ms)
			LoadAssemblies (117ms)
			RebuildTransferFunctionScriptingTraits (0ms)
			SetupTypeCache (299ms)
			ReleaseScriptCaches (1ms)
			RebuildScriptCaches (59ms)
			SetupLoadedEditorAssemblies (395ms)
				LogAssemblyErrors (0ms)
				InitializePlatformSupportModulesInManaged (6ms)
				SetLoadedEditorAssemblies (0ms)
				RefreshPlugins (1ms)
				BeforeProcessingInitializeOnLoad (106ms)
				ProcessInitializeOnLoadAttributes (266ms)
				ProcessInitializeOnLoadMethodAttributes (7ms)
				AfterProcessingInitializeOnLoad (10ms)
				EditorAssembliesLoaded (0ms)
			ExecutionOrderSort2 (0ms)
			AwakeInstancesAfterBackupRestoration (14ms)
Platform modules already initialized, skipping
Refreshing native plugins compatible for Editor in 0.51 ms, found 3 plugins.
Preloading 0 native plugins for Editor in 0.00 ms.
Unloading 2096 Unused Serialized files (Serialized files now loaded: 0)
System memory in use before: 93.1 MB.
System memory in use after: 93.2 MB.

Unloading 14 unused Assets to reduce memory usage. Loaded Objects now: 2594.
Total: 3.681900 ms (FindLiveObjects: 0.215400 ms CreateObjectMapping: 0.079300 ms MarkObjects: 3.368700 ms  DeleteObjects: 0.017100 ms)

AssetImportParameters requested are different than current active one (requested -> active):
  custom:framework-win-MediaFoundation: 216162199b28c13a410421893ffa2e32 -> 
  custom:video-decoder-ogg-theora: a1e56fd34408186e4bbccfd4996cb3dc -> 
  custom:container-muxer-webm: aa71ff27fc2769a1b78a27578f13a17b -> 
  custom:container-demuxer-webm: 4f35f7cbe854078d1ac9338744f61a02 -> 
  custom:container-demuxer-ogg: 62fdf1f143b41e24485cea50d1cbac27 -> 
  custom:video-encoder-webm-vp8: eb34c28f22e8b96e1ab97ce403110664 -> 
  custom:video-decoder-webm-vp8: 9c59270c3fd7afecdb556c50c9e8de78 -> 
  custom:audio-decoder-ogg-vorbis: bf7c407c2cedff20999df2af8eb42d56 -> 
  custom:audio-encoder-webm-vorbis: bf7c407c2cedff20999df2af8eb42d56 -> 
========================================================================
Received Prepare
Registering precompiled user dll's ...
Registered in 0.004352 seconds.
Begin MonoManager ReloadAssembly
Native extension for WindowsStandalone target not found
Refreshing native plugins compatible for Editor in 1.03 ms, found 3 plugins.
Preloading 0 native plugins for Editor in 0.00 ms.
Mono: successfully reloaded assembly
- Completed reload, in  1.996 seconds
Domain Reload Profiling:
	ReloadAssembly (1996ms)
		BeginReloadAssembly (177ms)
			ExecutionOrderSort (0ms)
			DisableScriptedObjects (15ms)
			BackupInstance (0ms)
			ReleaseScriptingObjects (0ms)
			CreateAndSetChildDomain (47ms)
		EndReloadAssembly (1725ms)
			LoadAssemblies (139ms)
			RebuildTransferFunctionScriptingTraits (0ms)
			SetupTypeCache (648ms)
			ReleaseScriptCaches (1ms)
			RebuildScriptCaches (97ms)
			SetupLoadedEditorAssemblies (643ms)
				LogAssemblyErrors (0ms)
				InitializePlatformSupportModulesInManaged (12ms)
				SetLoadedEditorAssemblies (1ms)
				RefreshPlugins (1ms)
				BeforeProcessingInitializeOnLoad (207ms)
				ProcessInitializeOnLoadAttributes (378ms)
				ProcessInitializeOnLoadMethodAttributes (32ms)
				AfterProcessingInitializeOnLoad (12ms)
				EditorAssembliesLoaded (0ms)
			ExecutionOrderSort2 (0ms)
			AwakeInstancesAfterBackupRestoration (18ms)
Platform modules already initialized, skipping
Refreshing native plugins compatible for Editor in 0.62 ms, found 3 plugins.
Preloading 0 native plugins for Editor in 0.00 ms.
Unloading 2096 Unused Serialized files (Serialized files now loaded: 0)
System memory in use before: 93.1 MB.
System memory in use after: 93.2 MB.

Unloading 14 unused Assets to reduce memory usage. Loaded Objects now: 2597.
Total: 4.584200 ms (FindLiveObjects: 0.288100 ms CreateObjectMapping: 0.152800 ms MarkObjects: 4.113700 ms  DeleteObjects: 0.028100 ms)

AssetImportParameters requested are different than current active one (requested -> active):
  custom:framework-win-MediaFoundation: 216162199b28c13a410421893ffa2e32 -> 
  custom:video-decoder-ogg-theora: a1e56fd34408186e4bbccfd4996cb3dc -> 
  custom:container-muxer-webm: aa71ff27fc2769a1b78a27578f13a17b -> 
  custom:container-demuxer-webm: 4f35f7cbe854078d1ac9338744f61a02 -> 
  custom:container-demuxer-ogg: 62fdf1f143b41e24485cea50d1cbac27 -> 
  custom:video-encoder-webm-vp8: eb34c28f22e8b96e1ab97ce403110664 -> 
  custom:video-decoder-webm-vp8: 9c59270c3fd7afecdb556c50c9e8de78 -> 
  custom:audio-decoder-ogg-vorbis: bf7c407c2cedff20999df2af8eb42d56 -> 
  custom:audio-encoder-webm-vorbis: bf7c407c2cedff20999df2af8eb42d56 -> 
=======
Received Import Request.
  Time since last request: 1.439599 seconds.
  path: Assets/Rooms/Room_L_00 1.prefab
  artifactKey: Guid(2f1a6c6d9370c5f418ff559b9b4fc992) Importer(815301076,1909f56bfc062723c751e8b465ee728b)
Start importing Assets/Rooms/Room_L_00 1.prefab using Guid(2f1a6c6d9370c5f418ff559b9b4fc992) Importer(815301076,1909f56bfc062723c751e8b465ee728b)  -> (artifact id: '63e219ea90618ad11084a86862e3e132') in 0.038782 seconds 
  Import took 0.043266 seconds .

========================================================================
Received Import Request.
  Time since last request: 8.367136 seconds.
  path: Assets/Rooms/Room_R_00.prefab
  artifactKey: Guid(2f1a6c6d9370c5f418ff559b9b4fc992) Importer(815301076,1909f56bfc062723c751e8b465ee728b)
Start importing Assets/Rooms/Room_R_00.prefab using Guid(2f1a6c6d9370c5f418ff559b9b4fc992) Importer(815301076,1909f56bfc062723c751e8b465ee728b)  -> (artifact id: '40b84a993bc43b7ac28d0a115c4f301e') in 0.036499 seconds 
  Import took 0.040800 seconds .

>>>>>>> Stashed changes
========================================================================
Received Import Request.
  Time since last request: 268.313545 seconds.
  path: Assets/Rooms/Room_L_00.prefab
  artifactKey: Guid(1054007f5d5583d45bc03b08c36d4f9a) Importer(815301076,1909f56bfc062723c751e8b465ee728b)
Start importing Assets/Rooms/Room_L_00.prefab using Guid(1054007f5d5583d45bc03b08c36d4f9a) Importer(815301076,1909f56bfc062723c751e8b465ee728b)  -> (artifact id: '125292539fb6ae482335d93268972b26') in 0.048039 seconds 
  Import took 0.052456 seconds .

========================================================================
Received Import Request.
  Time since last request: 0.520146 seconds.
  path: Assets/Rooms/Room_R_00.prefab
  artifactKey: Guid(2f1a6c6d9370c5f418ff559b9b4fc992) Importer(815301076,1909f56bfc062723c751e8b465ee728b)
Start importing Assets/Rooms/Room_R_00.prefab using Guid(2f1a6c6d9370c5f418ff559b9b4fc992) Importer(815301076,1909f56bfc062723c751e8b465ee728b)  -> (artifact id: '55c54a6a6003e6f525398641c60e4324') in 0.038941 seconds 
  Import took 0.042675 seconds .

========================================================================
Received Import Request.
  Time since last request: 10.693721 seconds.
  path: Assets/Rooms/Room_T_00 1.prefab
  artifactKey: Guid(2bb871b726e0a6542931277fb74f3e75) Importer(815301076,1909f56bfc062723c751e8b465ee728b)
Start importing Assets/Rooms/Room_T_00 1.prefab using Guid(2bb871b726e0a6542931277fb74f3e75) Importer(815301076,1909f56bfc062723c751e8b465ee728b)  -> (artifact id: '045b44bf9ed47a5fe3620ef2fde781ea') in 0.033455 seconds 
  Import took 0.037231 seconds .

========================================================================
Received Import Request.
  Time since last request: 13.474866 seconds.
  path: Assets/Rooms/Room_B_00.prefab
  artifactKey: Guid(2bb871b726e0a6542931277fb74f3e75) Importer(815301076,1909f56bfc062723c751e8b465ee728b)
Start importing Assets/Rooms/Room_B_00.prefab using Guid(2bb871b726e0a6542931277fb74f3e75) Importer(815301076,1909f56bfc062723c751e8b465ee728b)  -> (artifact id: 'a109aa500caa7a53d8bcc5d34f4f824a') in 0.039949 seconds 
  Import took 0.043960 seconds .

<<<<<<< Updated upstream
Unloading 14 unused Assets to reduce memory usage. Loaded Objects now: 2630.
Total: 3.368000 ms (FindLiveObjects: 0.173200 ms CreateObjectMapping: 0.068100 ms MarkObjects: 3.109100 ms  DeleteObjects: 0.016900 ms)
<<<<<<< Updated upstream
>>>>>>> Stashed changes
=======
=======
>>>>>>> Stashed changes
>>>>>>> Stashed changes
AssetImportWorkerClient::OnTransportError - code=2 error=End of file
