
=== Fri Oct  8 09:19:52 2021

Packages were changed.
Update Mode: updateDependencies

The following packages were updated:
  com.unity.2d.animation from version 5.0.4 to 5.0.6
  com.unity.2d.psdimporter from version 4.0.2 to 4.1.0
  com.unity.2d.spriteshape from version 5.1.1 to 5.1.3
  com.unity.collab-proxy from version 1.3.9 to 1.7.1
  com.unity.ide.visualstudio from version 2.0.7 to 2.0.9
  com.unity.test-framework from version 1.1.24 to 1.1.27
  com.unity.textmeshpro from version 3.0.4 to 3.0.6
  com.unity.timeline from version 1.4.7 to 1.4.8

=== Mon Oct 11 18:14:16 2021

Packages were changed.
Update Mode: updateDependencies

The following packages were updated:
  com.unity.2d.spriteshape from version 5.1.3 to 5.1.4
  com.unity.collab-proxy from version 1.7.1 to 1.11.2
  com.unity.ide.visualstudio from version 2.0.9 to 2.0.11
  com.unity.ide.vscode from version 1.2.3 to 1.2.4
  com.unity.test-framework from version 1.1.27 to 1.1.29
